CRITICAL - 2023-04-17 02:59:02 --> Undefined variable $srdiv
in APPPATH\Views\item_list.php on line 185.
 1 APPPATH\Views\item_list.php(185): CodeIgniter\Debug\Exceptions->errorHandler(2, 'Undefined variable $srdiv', 'APPPATH\\Views\\item_list.php', 185)
 2 SYSTEMPATH\View\View.php(213): include('APPPATH\\Views\\item_list.php')
 3 SYSTEMPATH\View\View.php(216): CodeIgniter\View\View->CodeIgniter\View\{closure}()
 4 SYSTEMPATH\Common.php(1177): CodeIgniter\View\View->render('item_list', [], true)
 5 APPPATH\Controllers\Home.php(88): view('item_list', [...])
 6 SYSTEMPATH\CodeIgniter.php(934): App\Controllers\Home->item_list()
 7 SYSTEMPATH\CodeIgniter.php(499): CodeIgniter\CodeIgniter->runController(Object(App\Controllers\Home))
 8 SYSTEMPATH\CodeIgniter.php(368): CodeIgniter\CodeIgniter->handleRequest(null, Object(Config\Cache), false)
 9 FCPATH\index.php(67): CodeIgniter\CodeIgniter->run()
CRITICAL - 2023-04-17 02:59:15 --> Undefined variable $srdiv
in APPPATH\Views\item_list.php on line 185.
 1 APPPATH\Views\item_list.php(185): CodeIgniter\Debug\Exceptions->errorHandler(2, 'Undefined variable $srdiv', 'APPPATH\\Views\\item_list.php', 185)
 2 SYSTEMPATH\View\View.php(213): include('APPPATH\\Views\\item_list.php')
 3 SYSTEMPATH\View\View.php(216): CodeIgniter\View\View->CodeIgniter\View\{closure}()
 4 SYSTEMPATH\Common.php(1177): CodeIgniter\View\View->render('item_list', [], true)
 5 APPPATH\Controllers\Home.php(88): view('item_list', [...])
 6 SYSTEMPATH\CodeIgniter.php(934): App\Controllers\Home->item_list()
 7 SYSTEMPATH\CodeIgniter.php(499): CodeIgniter\CodeIgniter->runController(Object(App\Controllers\Home))
 8 SYSTEMPATH\CodeIgniter.php(368): CodeIgniter\CodeIgniter->handleRequest(null, Object(Config\Cache), false)
 9 FCPATH\index.php(67): CodeIgniter\CodeIgniter->run()
CRITICAL - 2023-04-17 03:00:03 --> Undefined variable $srdiv
in APPPATH\Views\item_list.php on line 185.
 1 APPPATH\Views\item_list.php(185): CodeIgniter\Debug\Exceptions->errorHandler(2, 'Undefined variable $srdiv', 'APPPATH\\Views\\item_list.php', 185)
 2 SYSTEMPATH\View\View.php(213): include('APPPATH\\Views\\item_list.php')
 3 SYSTEMPATH\View\View.php(216): CodeIgniter\View\View->CodeIgniter\View\{closure}()
 4 SYSTEMPATH\Common.php(1177): CodeIgniter\View\View->render('item_list', [], true)
 5 APPPATH\Controllers\Home.php(88): view('item_list', [...])
 6 SYSTEMPATH\CodeIgniter.php(934): App\Controllers\Home->item_list()
 7 SYSTEMPATH\CodeIgniter.php(499): CodeIgniter\CodeIgniter->runController(Object(App\Controllers\Home))
 8 SYSTEMPATH\CodeIgniter.php(368): CodeIgniter\CodeIgniter->handleRequest(null, Object(Config\Cache), false)
 9 FCPATH\index.php(67): CodeIgniter\CodeIgniter->run()
CRITICAL - 2023-04-17 03:00:05 --> Undefined variable $srdiv
in APPPATH\Views\item_list.php on line 185.
 1 APPPATH\Views\item_list.php(185): CodeIgniter\Debug\Exceptions->errorHandler(2, 'Undefined variable $srdiv', 'APPPATH\\Views\\item_list.php', 185)
 2 SYSTEMPATH\View\View.php(213): include('APPPATH\\Views\\item_list.php')
 3 SYSTEMPATH\View\View.php(216): CodeIgniter\View\View->CodeIgniter\View\{closure}()
 4 SYSTEMPATH\Common.php(1177): CodeIgniter\View\View->render('item_list', [], true)
 5 APPPATH\Controllers\Home.php(88): view('item_list', [...])
 6 SYSTEMPATH\CodeIgniter.php(934): App\Controllers\Home->item_list()
 7 SYSTEMPATH\CodeIgniter.php(499): CodeIgniter\CodeIgniter->runController(Object(App\Controllers\Home))
 8 SYSTEMPATH\CodeIgniter.php(368): CodeIgniter\CodeIgniter->handleRequest(null, Object(Config\Cache), false)
 9 FCPATH\index.php(67): CodeIgniter\CodeIgniter->run()
CRITICAL - 2023-04-17 03:00:18 --> Undefined variable $srdiv
in APPPATH\Views\item_list.php on line 185.
 1 APPPATH\Views\item_list.php(185): CodeIgniter\Debug\Exceptions->errorHandler(2, 'Undefined variable $srdiv', 'APPPATH\\Views\\item_list.php', 185)
 2 SYSTEMPATH\View\View.php(213): include('APPPATH\\Views\\item_list.php')
 3 SYSTEMPATH\View\View.php(216): CodeIgniter\View\View->CodeIgniter\View\{closure}()
 4 SYSTEMPATH\Common.php(1177): CodeIgniter\View\View->render('item_list', [], true)
 5 APPPATH\Controllers\Home.php(88): view('item_list', [...])
 6 SYSTEMPATH\CodeIgniter.php(934): App\Controllers\Home->item_list()
 7 SYSTEMPATH\CodeIgniter.php(499): CodeIgniter\CodeIgniter->runController(Object(App\Controllers\Home))
 8 SYSTEMPATH\CodeIgniter.php(368): CodeIgniter\CodeIgniter->handleRequest(null, Object(Config\Cache), false)
 9 FCPATH\index.php(67): CodeIgniter\CodeIgniter->run()
CRITICAL - 2023-04-17 03:00:35 --> Undefined variable $srdiv
in APPPATH\Views\item_list.php on line 185.
 1 APPPATH\Views\item_list.php(185): CodeIgniter\Debug\Exceptions->errorHandler(2, 'Undefined variable $srdiv', 'APPPATH\\Views\\item_list.php', 185)
 2 SYSTEMPATH\View\View.php(213): include('APPPATH\\Views\\item_list.php')
 3 SYSTEMPATH\View\View.php(216): CodeIgniter\View\View->CodeIgniter\View\{closure}()
 4 SYSTEMPATH\Common.php(1177): CodeIgniter\View\View->render('item_list', [], true)
 5 APPPATH\Controllers\Home.php(88): view('item_list', [...])
 6 SYSTEMPATH\CodeIgniter.php(934): App\Controllers\Home->item_list()
 7 SYSTEMPATH\CodeIgniter.php(499): CodeIgniter\CodeIgniter->runController(Object(App\Controllers\Home))
 8 SYSTEMPATH\CodeIgniter.php(368): CodeIgniter\CodeIgniter->handleRequest(null, Object(Config\Cache), false)
 9 FCPATH\index.php(67): CodeIgniter\CodeIgniter->run()
CRITICAL - 2023-04-17 03:00:46 --> Undefined variable $srdiv
in APPPATH\Views\item_list.php on line 185.
 1 APPPATH\Views\item_list.php(185): CodeIgniter\Debug\Exceptions->errorHandler(2, 'Undefined variable $srdiv', 'APPPATH\\Views\\item_list.php', 185)
 2 SYSTEMPATH\View\View.php(213): include('APPPATH\\Views\\item_list.php')
 3 SYSTEMPATH\View\View.php(216): CodeIgniter\View\View->CodeIgniter\View\{closure}()
 4 SYSTEMPATH\Common.php(1177): CodeIgniter\View\View->render('item_list', [], true)
 5 APPPATH\Controllers\Home.php(88): view('item_list', [...])
 6 SYSTEMPATH\CodeIgniter.php(934): App\Controllers\Home->item_list()
 7 SYSTEMPATH\CodeIgniter.php(499): CodeIgniter\CodeIgniter->runController(Object(App\Controllers\Home))
 8 SYSTEMPATH\CodeIgniter.php(368): CodeIgniter\CodeIgniter->handleRequest(null, Object(Config\Cache), false)
 9 FCPATH\index.php(67): CodeIgniter\CodeIgniter->run()
CRITICAL - 2023-04-17 03:02:39 --> Undefined variable $srdiv
in APPPATH\Views\item_list.php on line 185.
 1 APPPATH\Views\item_list.php(185): CodeIgniter\Debug\Exceptions->errorHandler(2, 'Undefined variable $srdiv', 'APPPATH\\Views\\item_list.php', 185)
 2 SYSTEMPATH\View\View.php(213): include('APPPATH\\Views\\item_list.php')
 3 SYSTEMPATH\View\View.php(216): CodeIgniter\View\View->CodeIgniter\View\{closure}()
 4 SYSTEMPATH\Common.php(1177): CodeIgniter\View\View->render('item_list', [], true)
 5 APPPATH\Controllers\Home.php(88): view('item_list', [...])
 6 SYSTEMPATH\CodeIgniter.php(934): App\Controllers\Home->item_list()
 7 SYSTEMPATH\CodeIgniter.php(499): CodeIgniter\CodeIgniter->runController(Object(App\Controllers\Home))
 8 SYSTEMPATH\CodeIgniter.php(368): CodeIgniter\CodeIgniter->handleRequest(null, Object(Config\Cache), false)
 9 FCPATH\index.php(67): CodeIgniter\CodeIgniter->run()
CRITICAL - 2023-04-17 03:10:01 --> Undefined variable $srdiv
in APPPATH\Views\item_list.php on line 185.
 1 APPPATH\Views\item_list.php(185): CodeIgniter\Debug\Exceptions->errorHandler(2, 'Undefined variable $srdiv', 'APPPATH\\Views\\item_list.php', 185)
 2 SYSTEMPATH\View\View.php(213): include('APPPATH\\Views\\item_list.php')
 3 SYSTEMPATH\View\View.php(216): CodeIgniter\View\View->CodeIgniter\View\{closure}()
 4 SYSTEMPATH\Common.php(1177): CodeIgniter\View\View->render('item_list', [], true)
 5 APPPATH\Controllers\Home.php(88): view('item_list', [...])
 6 SYSTEMPATH\CodeIgniter.php(934): App\Controllers\Home->item_list()
 7 SYSTEMPATH\CodeIgniter.php(499): CodeIgniter\CodeIgniter->runController(Object(App\Controllers\Home))
 8 SYSTEMPATH\CodeIgniter.php(368): CodeIgniter\CodeIgniter->handleRequest(null, Object(Config\Cache), false)
 9 FCPATH\index.php(67): CodeIgniter\CodeIgniter->run()
CRITICAL - 2023-04-17 04:50:49 --> Undefined variable $srdiv
in APPPATH\Views\item_list.php on line 185.
 1 APPPATH\Views\item_list.php(185): CodeIgniter\Debug\Exceptions->errorHandler(2, 'Undefined variable $srdiv', 'APPPATH\\Views\\item_list.php', 185)
 2 SYSTEMPATH\View\View.php(213): include('APPPATH\\Views\\item_list.php')
 3 SYSTEMPATH\View\View.php(216): CodeIgniter\View\View->CodeIgniter\View\{closure}()
 4 SYSTEMPATH\Common.php(1177): CodeIgniter\View\View->render('item_list', [], true)
 5 APPPATH\Controllers\Home.php(88): view('item_list', [...])
 6 SYSTEMPATH\CodeIgniter.php(934): App\Controllers\Home->item_list()
 7 SYSTEMPATH\CodeIgniter.php(499): CodeIgniter\CodeIgniter->runController(Object(App\Controllers\Home))
 8 SYSTEMPATH\CodeIgniter.php(368): CodeIgniter\CodeIgniter->handleRequest(null, Object(Config\Cache), false)
 9 FCPATH\index.php(67): CodeIgniter\CodeIgniter->run()
