CRITICAL - 2023-02-21 04:14:12 --> Argument 2 passed to view() must be of the type array, null given, called in G:\wamp\www\CI_CRUD\app\Controllers\Home.php on line 79
in SYSTEMPATH\Common.php on line 1163.
 1 APPPATH\Controllers\Home.php(79): view('item_list', null)
 2 SYSTEMPATH\CodeIgniter.php(934): App\Controllers\Home->item_list()
 3 SYSTEMPATH\CodeIgniter.php(499): CodeIgniter\CodeIgniter->runController(Object(App\Controllers\Home))
 4 SYSTEMPATH\CodeIgniter.php(368): CodeIgniter\CodeIgniter->handleRequest(null, Object(Config\Cache), false)
 5 FCPATH\index.php(67): CodeIgniter\CodeIgniter->run()
CRITICAL - 2023-02-21 04:14:20 --> Argument 2 passed to view() must be of the type array, null given, called in G:\wamp\www\CI_CRUD\app\Controllers\Home.php on line 79
in SYSTEMPATH\Common.php on line 1163.
 1 APPPATH\Controllers\Home.php(79): view('item_list', null)
 2 SYSTEMPATH\CodeIgniter.php(934): App\Controllers\Home->item_list()
 3 SYSTEMPATH\CodeIgniter.php(499): CodeIgniter\CodeIgniter->runController(Object(App\Controllers\Home))
 4 SYSTEMPATH\CodeIgniter.php(368): CodeIgniter\CodeIgniter->handleRequest(null, Object(Config\Cache), false)
 5 FCPATH\index.php(67): CodeIgniter\CodeIgniter->run()
CRITICAL - 2023-02-21 04:19:37 --> Argument 2 passed to view() must be of the type array, null given, called in G:\wamp\www\CI_CRUD\app\Controllers\Home.php on line 93
in SYSTEMPATH\Common.php on line 1163.
 1 APPPATH\Controllers\Home.php(93): view('item_list', null)
 2 SYSTEMPATH\CodeIgniter.php(934): App\Controllers\Home->item_list()
 3 SYSTEMPATH\CodeIgniter.php(499): CodeIgniter\CodeIgniter->runController(Object(App\Controllers\Home))
 4 SYSTEMPATH\CodeIgniter.php(368): CodeIgniter\CodeIgniter->handleRequest(null, Object(Config\Cache), false)
 5 FCPATH\index.php(67): CodeIgniter\CodeIgniter->run()
CRITICAL - 2023-02-21 04:20:02 --> Argument 2 passed to view() must be of the type array, null given, called in G:\wamp\www\CI_CRUD\app\Controllers\Home.php on line 93
in SYSTEMPATH\Common.php on line 1163.
 1 APPPATH\Controllers\Home.php(93): view('item_list', null)
 2 SYSTEMPATH\CodeIgniter.php(934): App\Controllers\Home->item_list()
 3 SYSTEMPATH\CodeIgniter.php(499): CodeIgniter\CodeIgniter->runController(Object(App\Controllers\Home))
 4 SYSTEMPATH\CodeIgniter.php(368): CodeIgniter\CodeIgniter->handleRequest(null, Object(Config\Cache), false)
 5 FCPATH\index.php(67): CodeIgniter\CodeIgniter->run()
CRITICAL - 2023-02-21 04:20:44 --> Cannot use object of type mysqli as array
in APPPATH\Views\item_list.php on line 222.
 1 SYSTEMPATH\View\View.php(213): include()
 2 SYSTEMPATH\View\View.php(216): CodeIgniter\View\View->CodeIgniter\View\{closure}()
 3 SYSTEMPATH\Common.php(1177): CodeIgniter\View\View->render('item_list', [], true)
 4 APPPATH\Controllers\Home.php(93): view('item_list', [...])
 5 SYSTEMPATH\CodeIgniter.php(934): App\Controllers\Home->item_list()
 6 SYSTEMPATH\CodeIgniter.php(499): CodeIgniter\CodeIgniter->runController(Object(App\Controllers\Home))
 7 SYSTEMPATH\CodeIgniter.php(368): CodeIgniter\CodeIgniter->handleRequest(null, Object(Config\Cache), false)
 8 FCPATH\index.php(67): CodeIgniter\CodeIgniter->run()
CRITICAL - 2023-02-21 04:27:53 --> Cannot use object of type mysqli as array
in APPPATH\Views\item_list.php on line 222.
 1 SYSTEMPATH\View\View.php(213): include()
 2 SYSTEMPATH\View\View.php(216): CodeIgniter\View\View->CodeIgniter\View\{closure}()
 3 SYSTEMPATH\Common.php(1177): CodeIgniter\View\View->render('item_list', [], true)
 4 APPPATH\Controllers\Home.php(92): view('item_list', [...])
 5 SYSTEMPATH\CodeIgniter.php(934): App\Controllers\Home->item_list()
 6 SYSTEMPATH\CodeIgniter.php(499): CodeIgniter\CodeIgniter->runController(Object(App\Controllers\Home))
 7 SYSTEMPATH\CodeIgniter.php(368): CodeIgniter\CodeIgniter->handleRequest(null, Object(Config\Cache), false)
 8 FCPATH\index.php(67): CodeIgniter\CodeIgniter->run()
CRITICAL - 2023-02-21 04:37:11 --> Cannot use object of type mysqli as array
in APPPATH\Views\item_list.php on line 222.
 1 SYSTEMPATH\View\View.php(213): include()
 2 SYSTEMPATH\View\View.php(216): CodeIgniter\View\View->CodeIgniter\View\{closure}()
 3 SYSTEMPATH\Common.php(1177): CodeIgniter\View\View->render('item_list', [], true)
 4 APPPATH\Controllers\Home.php(93): view('item_list', [...])
 5 SYSTEMPATH\CodeIgniter.php(934): App\Controllers\Home->item_list()
 6 SYSTEMPATH\CodeIgniter.php(499): CodeIgniter\CodeIgniter->runController(Object(App\Controllers\Home))
 7 SYSTEMPATH\CodeIgniter.php(368): CodeIgniter\CodeIgniter->handleRequest(null, Object(Config\Cache), false)
 8 FCPATH\index.php(67): CodeIgniter\CodeIgniter->run()
CRITICAL - 2023-02-21 04:37:26 --> Cannot use object of type mysqli as array
in APPPATH\Views\item_list.php on line 222.
 1 SYSTEMPATH\View\View.php(213): include()
 2 SYSTEMPATH\View\View.php(216): CodeIgniter\View\View->CodeIgniter\View\{closure}()
 3 SYSTEMPATH\Common.php(1177): CodeIgniter\View\View->render('item_list', [], true)
 4 APPPATH\Controllers\Home.php(93): view('item_list', [...])
 5 SYSTEMPATH\CodeIgniter.php(934): App\Controllers\Home->item_list()
 6 SYSTEMPATH\CodeIgniter.php(499): CodeIgniter\CodeIgniter->runController(Object(App\Controllers\Home))
 7 SYSTEMPATH\CodeIgniter.php(368): CodeIgniter\CodeIgniter->handleRequest(null, Object(Config\Cache), false)
 8 FCPATH\index.php(67): CodeIgniter\CodeIgniter->run()
CRITICAL - 2023-02-21 04:37:42 --> Cannot use object of type mysqli as array
in APPPATH\Views\item_list.php on line 222.
 1 SYSTEMPATH\View\View.php(213): include()
 2 SYSTEMPATH\View\View.php(216): CodeIgniter\View\View->CodeIgniter\View\{closure}()
 3 SYSTEMPATH\Common.php(1177): CodeIgniter\View\View->render('item_list', [], true)
 4 APPPATH\Controllers\Home.php(93): view('item_list', [...])
 5 SYSTEMPATH\CodeIgniter.php(934): App\Controllers\Home->item_list()
 6 SYSTEMPATH\CodeIgniter.php(499): CodeIgniter\CodeIgniter->runController(Object(App\Controllers\Home))
 7 SYSTEMPATH\CodeIgniter.php(368): CodeIgniter\CodeIgniter->handleRequest(null, Object(Config\Cache), false)
 8 FCPATH\index.php(67): CodeIgniter\CodeIgniter->run()
CRITICAL - 2023-02-21 04:43:08 --> Cannot use object of type mysqli as array
in APPPATH\Views\item_list.php on line 222.
 1 SYSTEMPATH\View\View.php(213): include()
 2 SYSTEMPATH\View\View.php(216): CodeIgniter\View\View->CodeIgniter\View\{closure}()
 3 SYSTEMPATH\Common.php(1177): CodeIgniter\View\View->render('item_list', [], true)
 4 APPPATH\Controllers\Home.php(94): view('item_list', [...])
 5 SYSTEMPATH\CodeIgniter.php(934): App\Controllers\Home->item_list()
 6 SYSTEMPATH\CodeIgniter.php(499): CodeIgniter\CodeIgniter->runController(Object(App\Controllers\Home))
 7 SYSTEMPATH\CodeIgniter.php(368): CodeIgniter\CodeIgniter->handleRequest(null, Object(Config\Cache), false)
 8 FCPATH\index.php(67): CodeIgniter\CodeIgniter->run()
CRITICAL - 2023-02-21 04:43:36 --> Cannot use object of type mysqli as array
in APPPATH\Views\item_list.php on line 222.
 1 SYSTEMPATH\View\View.php(213): include()
 2 SYSTEMPATH\View\View.php(216): CodeIgniter\View\View->CodeIgniter\View\{closure}()
 3 SYSTEMPATH\Common.php(1177): CodeIgniter\View\View->render('item_list', [], true)
 4 APPPATH\Controllers\Home.php(94): view('item_list', [...])
 5 SYSTEMPATH\CodeIgniter.php(934): App\Controllers\Home->item_list()
 6 SYSTEMPATH\CodeIgniter.php(499): CodeIgniter\CodeIgniter->runController(Object(App\Controllers\Home))
 7 SYSTEMPATH\CodeIgniter.php(368): CodeIgniter\CodeIgniter->handleRequest(null, Object(Config\Cache), false)
 8 FCPATH\index.php(67): CodeIgniter\CodeIgniter->run()
CRITICAL - 2023-02-21 04:50:20 --> Cannot use object of type mysqli as array
in APPPATH\Views\item_list.php on line 222.
 1 SYSTEMPATH\View\View.php(213): include()
 2 SYSTEMPATH\View\View.php(216): CodeIgniter\View\View->CodeIgniter\View\{closure}()
 3 SYSTEMPATH\Common.php(1177): CodeIgniter\View\View->render('item_list', [], true)
 4 APPPATH\Controllers\Home.php(94): view('item_list', [...])
 5 SYSTEMPATH\CodeIgniter.php(934): App\Controllers\Home->item_list()
 6 SYSTEMPATH\CodeIgniter.php(499): CodeIgniter\CodeIgniter->runController(Object(App\Controllers\Home))
 7 SYSTEMPATH\CodeIgniter.php(368): CodeIgniter\CodeIgniter->handleRequest(null, Object(Config\Cache), false)
 8 FCPATH\index.php(67): CodeIgniter\CodeIgniter->run()
CRITICAL - 2023-02-21 05:29:04 --> Cannot use object of type mysqli as array
in APPPATH\Views\item_list.php on line 222.
 1 SYSTEMPATH\View\View.php(213): include()
 2 SYSTEMPATH\View\View.php(216): CodeIgniter\View\View->CodeIgniter\View\{closure}()
 3 SYSTEMPATH\Common.php(1177): CodeIgniter\View\View->render('item_list', [], true)
 4 APPPATH\Controllers\Home.php(94): view('item_list', [...])
 5 SYSTEMPATH\CodeIgniter.php(934): App\Controllers\Home->item_list()
 6 SYSTEMPATH\CodeIgniter.php(499): CodeIgniter\CodeIgniter->runController(Object(App\Controllers\Home))
 7 SYSTEMPATH\CodeIgniter.php(368): CodeIgniter\CodeIgniter->handleRequest(null, Object(Config\Cache), false)
 8 FCPATH\index.php(67): CodeIgniter\CodeIgniter->run()
CRITICAL - 2023-02-21 05:34:04 --> Cannot use object of type mysqli as array
in APPPATH\Views\item_list.php on line 222.
 1 SYSTEMPATH\View\View.php(213): include()
 2 SYSTEMPATH\View\View.php(216): CodeIgniter\View\View->CodeIgniter\View\{closure}()
 3 SYSTEMPATH\Common.php(1177): CodeIgniter\View\View->render('item_list', [], true)
 4 APPPATH\Controllers\Home.php(94): view('item_list', [...])
 5 SYSTEMPATH\CodeIgniter.php(934): App\Controllers\Home->item_list()
 6 SYSTEMPATH\CodeIgniter.php(499): CodeIgniter\CodeIgniter->runController(Object(App\Controllers\Home))
 7 SYSTEMPATH\CodeIgniter.php(368): CodeIgniter\CodeIgniter->handleRequest(null, Object(Config\Cache), false)
 8 FCPATH\index.php(67): CodeIgniter\CodeIgniter->run()
CRITICAL - 2023-02-21 06:25:02 --> Cannot use object of type mysqli as array
in APPPATH\Views\item_list.php on line 222.
 1 SYSTEMPATH\View\View.php(213): include()
 2 SYSTEMPATH\View\View.php(216): CodeIgniter\View\View->CodeIgniter\View\{closure}()
 3 SYSTEMPATH\Common.php(1177): CodeIgniter\View\View->render('item_list', [], true)
 4 APPPATH\Controllers\Home.php(103): view('item_list', [...])
 5 SYSTEMPATH\CodeIgniter.php(934): App\Controllers\Home->item_list()
 6 SYSTEMPATH\CodeIgniter.php(499): CodeIgniter\CodeIgniter->runController(Object(App\Controllers\Home))
 7 SYSTEMPATH\CodeIgniter.php(368): CodeIgniter\CodeIgniter->handleRequest(null, Object(Config\Cache), false)
 8 FCPATH\index.php(67): CodeIgniter\CodeIgniter->run()
CRITICAL - 2023-02-21 07:08:00 --> Cannot use object of type mysqli as array
in APPPATH\Views\item_list.php on line 222.
 1 SYSTEMPATH\View\View.php(213): include()
 2 SYSTEMPATH\View\View.php(216): CodeIgniter\View\View->CodeIgniter\View\{closure}()
 3 SYSTEMPATH\Common.php(1177): CodeIgniter\View\View->render('item_list', [], true)
 4 APPPATH\Controllers\Home.php(103): view('item_list', [...])
 5 SYSTEMPATH\CodeIgniter.php(934): App\Controllers\Home->item_list()
 6 SYSTEMPATH\CodeIgniter.php(499): CodeIgniter\CodeIgniter->runController(Object(App\Controllers\Home))
 7 SYSTEMPATH\CodeIgniter.php(368): CodeIgniter\CodeIgniter->handleRequest(null, Object(Config\Cache), false)
 8 FCPATH\index.php(67): CodeIgniter\CodeIgniter->run()
CRITICAL - 2023-02-21 07:08:05 --> Cannot use object of type mysqli as array
in APPPATH\Views\item_list.php on line 222.
 1 SYSTEMPATH\View\View.php(213): include()
 2 SYSTEMPATH\View\View.php(216): CodeIgniter\View\View->CodeIgniter\View\{closure}()
 3 SYSTEMPATH\Common.php(1177): CodeIgniter\View\View->render('item_list', [], true)
 4 APPPATH\Controllers\Home.php(103): view('item_list', [...])
 5 SYSTEMPATH\CodeIgniter.php(934): App\Controllers\Home->item_list()
 6 SYSTEMPATH\CodeIgniter.php(499): CodeIgniter\CodeIgniter->runController(Object(App\Controllers\Home))
 7 SYSTEMPATH\CodeIgniter.php(368): CodeIgniter\CodeIgniter->handleRequest(null, Object(Config\Cache), false)
 8 FCPATH\index.php(67): CodeIgniter\CodeIgniter->run()
CRITICAL - 2023-02-21 07:08:07 --> Cannot use object of type mysqli as array
in APPPATH\Views\item_list.php on line 222.
 1 SYSTEMPATH\View\View.php(213): include()
 2 SYSTEMPATH\View\View.php(216): CodeIgniter\View\View->CodeIgniter\View\{closure}()
 3 SYSTEMPATH\Common.php(1177): CodeIgniter\View\View->render('item_list', [], true)
 4 APPPATH\Controllers\Home.php(103): view('item_list', [...])
 5 SYSTEMPATH\CodeIgniter.php(934): App\Controllers\Home->item_list()
 6 SYSTEMPATH\CodeIgniter.php(499): CodeIgniter\CodeIgniter->runController(Object(App\Controllers\Home))
 7 SYSTEMPATH\CodeIgniter.php(368): CodeIgniter\CodeIgniter->handleRequest(null, Object(Config\Cache), false)
 8 FCPATH\index.php(67): CodeIgniter\CodeIgniter->run()
CRITICAL - 2023-02-21 07:08:09 --> Cannot use object of type mysqli as array
in APPPATH\Views\item_list.php on line 222.
 1 SYSTEMPATH\View\View.php(213): include()
 2 SYSTEMPATH\View\View.php(216): CodeIgniter\View\View->CodeIgniter\View\{closure}()
 3 SYSTEMPATH\Common.php(1177): CodeIgniter\View\View->render('item_list', [], true)
 4 APPPATH\Controllers\Home.php(103): view('item_list', [...])
 5 SYSTEMPATH\CodeIgniter.php(934): App\Controllers\Home->item_list()
 6 SYSTEMPATH\CodeIgniter.php(499): CodeIgniter\CodeIgniter->runController(Object(App\Controllers\Home))
 7 SYSTEMPATH\CodeIgniter.php(368): CodeIgniter\CodeIgniter->handleRequest(null, Object(Config\Cache), false)
 8 FCPATH\index.php(67): CodeIgniter\CodeIgniter->run()
CRITICAL - 2023-02-21 07:14:14 --> Argument 2 passed to view() must be of the type array, object given, called in G:\wamp\www\CI_CRUD\app\Controllers\Home.php on line 103
in SYSTEMPATH\Common.php on line 1163.
 1 APPPATH\Controllers\Home.php(103): view('item_list', Object(CodeIgniter\Database\MySQLi\Builder))
 2 SYSTEMPATH\CodeIgniter.php(934): App\Controllers\Home->item_list()
 3 SYSTEMPATH\CodeIgniter.php(499): CodeIgniter\CodeIgniter->runController(Object(App\Controllers\Home))
 4 SYSTEMPATH\CodeIgniter.php(368): CodeIgniter\CodeIgniter->handleRequest(null, Object(Config\Cache), false)
 5 FCPATH\index.php(67): CodeIgniter\CodeIgniter->run()
CRITICAL - 2023-02-21 07:14:48 --> Cannot use object of type mysqli as array
in APPPATH\Views\item_list.php on line 222.
 1 SYSTEMPATH\View\View.php(213): include()
 2 SYSTEMPATH\View\View.php(216): CodeIgniter\View\View->CodeIgniter\View\{closure}()
 3 SYSTEMPATH\Common.php(1177): CodeIgniter\View\View->render('item_list', [], true)
 4 APPPATH\Controllers\Home.php(103): view('item_list', [...])
 5 SYSTEMPATH\CodeIgniter.php(934): App\Controllers\Home->item_list()
 6 SYSTEMPATH\CodeIgniter.php(499): CodeIgniter\CodeIgniter->runController(Object(App\Controllers\Home))
 7 SYSTEMPATH\CodeIgniter.php(368): CodeIgniter\CodeIgniter->handleRequest(null, Object(Config\Cache), false)
 8 FCPATH\index.php(67): CodeIgniter\CodeIgniter->run()
CRITICAL - 2023-02-21 07:24:11 --> Cannot use object of type mysqli as array
in APPPATH\Views\item_list.php on line 222.
 1 SYSTEMPATH\View\View.php(213): include()
 2 SYSTEMPATH\View\View.php(216): CodeIgniter\View\View->CodeIgniter\View\{closure}()
 3 SYSTEMPATH\Common.php(1177): CodeIgniter\View\View->render('item_list', [], true)
 4 APPPATH\Controllers\Home.php(94): view('item_list', [...])
 5 SYSTEMPATH\CodeIgniter.php(934): App\Controllers\Home->item_list()
 6 SYSTEMPATH\CodeIgniter.php(499): CodeIgniter\CodeIgniter->runController(Object(App\Controllers\Home))
 7 SYSTEMPATH\CodeIgniter.php(368): CodeIgniter\CodeIgniter->handleRequest(null, Object(Config\Cache), false)
 8 FCPATH\index.php(67): CodeIgniter\CodeIgniter->run()
CRITICAL - 2023-02-21 07:24:32 --> Cannot use object of type mysqli as array
in APPPATH\Views\item_list.php on line 222.
 1 SYSTEMPATH\View\View.php(213): include()
 2 SYSTEMPATH\View\View.php(216): CodeIgniter\View\View->CodeIgniter\View\{closure}()
 3 SYSTEMPATH\Common.php(1177): CodeIgniter\View\View->render('item_list', [], true)
 4 APPPATH\Controllers\Home.php(95): view('item_list', [...])
 5 SYSTEMPATH\CodeIgniter.php(934): App\Controllers\Home->item_list()
 6 SYSTEMPATH\CodeIgniter.php(499): CodeIgniter\CodeIgniter->runController(Object(App\Controllers\Home))
 7 SYSTEMPATH\CodeIgniter.php(368): CodeIgniter\CodeIgniter->handleRequest(null, Object(Config\Cache), false)
 8 FCPATH\index.php(67): CodeIgniter\CodeIgniter->run()
CRITICAL - 2023-02-21 07:24:37 --> Cannot use object of type mysqli as array
in APPPATH\Views\item_list.php on line 222.
 1 SYSTEMPATH\View\View.php(213): include()
 2 SYSTEMPATH\View\View.php(216): CodeIgniter\View\View->CodeIgniter\View\{closure}()
 3 SYSTEMPATH\Common.php(1177): CodeIgniter\View\View->render('item_list', [], true)
 4 APPPATH\Controllers\Home.php(95): view('item_list', [...])
 5 SYSTEMPATH\CodeIgniter.php(934): App\Controllers\Home->item_list()
 6 SYSTEMPATH\CodeIgniter.php(499): CodeIgniter\CodeIgniter->runController(Object(App\Controllers\Home))
 7 SYSTEMPATH\CodeIgniter.php(368): CodeIgniter\CodeIgniter->handleRequest(null, Object(Config\Cache), false)
 8 FCPATH\index.php(67): CodeIgniter\CodeIgniter->run()
CRITICAL - 2023-02-21 07:30:01 --> Cannot use object of type mysqli as array
in APPPATH\Views\item_list.php on line 222.
 1 SYSTEMPATH\View\View.php(213): include()
 2 SYSTEMPATH\View\View.php(216): CodeIgniter\View\View->CodeIgniter\View\{closure}()
 3 SYSTEMPATH\Common.php(1177): CodeIgniter\View\View->render('item_list', [], true)
 4 APPPATH\Controllers\Home.php(98): view('item_list', [...])
 5 SYSTEMPATH\CodeIgniter.php(934): App\Controllers\Home->item_list()
 6 SYSTEMPATH\CodeIgniter.php(499): CodeIgniter\CodeIgniter->runController(Object(App\Controllers\Home))
 7 SYSTEMPATH\CodeIgniter.php(368): CodeIgniter\CodeIgniter->handleRequest(null, Object(Config\Cache), false)
 8 FCPATH\index.php(67): CodeIgniter\CodeIgniter->run()
CRITICAL - 2023-02-21 07:55:40 --> Cannot use object of type mysqli as array
in APPPATH\Views\item_list.php on line 222.
 1 SYSTEMPATH\View\View.php(213): include()
 2 SYSTEMPATH\View\View.php(216): CodeIgniter\View\View->CodeIgniter\View\{closure}()
 3 SYSTEMPATH\Common.php(1177): CodeIgniter\View\View->render('item_list', [], true)
 4 APPPATH\Controllers\Home.php(98): view('item_list', [...])
 5 SYSTEMPATH\CodeIgniter.php(934): App\Controllers\Home->item_list()
 6 SYSTEMPATH\CodeIgniter.php(499): CodeIgniter\CodeIgniter->runController(Object(App\Controllers\Home))
 7 SYSTEMPATH\CodeIgniter.php(368): CodeIgniter\CodeIgniter->handleRequest(null, Object(Config\Cache), false)
 8 FCPATH\index.php(67): CodeIgniter\CodeIgniter->run()
CRITICAL - 2023-02-21 07:57:02 --> Cannot use object of type mysqli as array
in APPPATH\Views\item_list.php on line 222.
 1 SYSTEMPATH\View\View.php(213): include()
 2 SYSTEMPATH\View\View.php(216): CodeIgniter\View\View->CodeIgniter\View\{closure}()
 3 SYSTEMPATH\Common.php(1177): CodeIgniter\View\View->render('item_list', [], true)
 4 APPPATH\Controllers\Home.php(98): view('item_list', [...])
 5 SYSTEMPATH\CodeIgniter.php(934): App\Controllers\Home->item_list()
 6 SYSTEMPATH\CodeIgniter.php(499): CodeIgniter\CodeIgniter->runController(Object(App\Controllers\Home))
 7 SYSTEMPATH\CodeIgniter.php(368): CodeIgniter\CodeIgniter->handleRequest(null, Object(Config\Cache), false)
 8 FCPATH\index.php(67): CodeIgniter\CodeIgniter->run()
CRITICAL - 2023-02-21 07:59:44 --> Cannot use object of type mysqli as array
in APPPATH\Views\item_list.php on line 222.
 1 SYSTEMPATH\View\View.php(213): include()
 2 SYSTEMPATH\View\View.php(216): CodeIgniter\View\View->CodeIgniter\View\{closure}()
 3 SYSTEMPATH\Common.php(1177): CodeIgniter\View\View->render('item_list', [], true)
 4 APPPATH\Controllers\Home.php(98): view('item_list', [...])
 5 SYSTEMPATH\CodeIgniter.php(934): App\Controllers\Home->item_list()
 6 SYSTEMPATH\CodeIgniter.php(499): CodeIgniter\CodeIgniter->runController(Object(App\Controllers\Home))
 7 SYSTEMPATH\CodeIgniter.php(368): CodeIgniter\CodeIgniter->handleRequest(null, Object(Config\Cache), false)
 8 FCPATH\index.php(67): CodeIgniter\CodeIgniter->run()
CRITICAL - 2023-02-21 07:59:45 --> Cannot use object of type mysqli as array
in APPPATH\Views\item_list.php on line 222.
 1 SYSTEMPATH\View\View.php(213): include()
 2 SYSTEMPATH\View\View.php(216): CodeIgniter\View\View->CodeIgniter\View\{closure}()
 3 SYSTEMPATH\Common.php(1177): CodeIgniter\View\View->render('item_list', [], true)
 4 APPPATH\Controllers\Home.php(98): view('item_list', [...])
 5 SYSTEMPATH\CodeIgniter.php(934): App\Controllers\Home->item_list()
 6 SYSTEMPATH\CodeIgniter.php(499): CodeIgniter\CodeIgniter->runController(Object(App\Controllers\Home))
 7 SYSTEMPATH\CodeIgniter.php(368): CodeIgniter\CodeIgniter->handleRequest(null, Object(Config\Cache), false)
 8 FCPATH\index.php(67): CodeIgniter\CodeIgniter->run()
CRITICAL - 2023-02-21 09:00:50 --> Cannot use object of type mysqli as array
in APPPATH\Views\item_list.php on line 222.
 1 SYSTEMPATH\View\View.php(213): include()
 2 SYSTEMPATH\View\View.php(216): CodeIgniter\View\View->CodeIgniter\View\{closure}()
 3 SYSTEMPATH\Common.php(1177): CodeIgniter\View\View->render('item_list', [], true)
 4 APPPATH\Controllers\Home.php(98): view('item_list', [...])
 5 SYSTEMPATH\CodeIgniter.php(934): App\Controllers\Home->item_list()
 6 SYSTEMPATH\CodeIgniter.php(499): CodeIgniter\CodeIgniter->runController(Object(App\Controllers\Home))
 7 SYSTEMPATH\CodeIgniter.php(368): CodeIgniter\CodeIgniter->handleRequest(null, Object(Config\Cache), false)
 8 FCPATH\index.php(67): CodeIgniter\CodeIgniter->run()
CRITICAL - 2023-02-21 09:00:57 --> Cannot use object of type mysqli as array
in APPPATH\Views\item_list.php on line 222.
 1 SYSTEMPATH\View\View.php(213): include()
 2 SYSTEMPATH\View\View.php(216): CodeIgniter\View\View->CodeIgniter\View\{closure}()
 3 SYSTEMPATH\Common.php(1177): CodeIgniter\View\View->render('item_list', [], true)
 4 APPPATH\Controllers\Home.php(98): view('item_list', [...])
 5 SYSTEMPATH\CodeIgniter.php(934): App\Controllers\Home->item_list()
 6 SYSTEMPATH\CodeIgniter.php(499): CodeIgniter\CodeIgniter->runController(Object(App\Controllers\Home))
 7 SYSTEMPATH\CodeIgniter.php(368): CodeIgniter\CodeIgniter->handleRequest(null, Object(Config\Cache), false)
 8 FCPATH\index.php(67): CodeIgniter\CodeIgniter->run()
CRITICAL - 2023-02-21 09:01:05 --> Cannot use object of type mysqli as array
in APPPATH\Views\item_list.php on line 222.
 1 SYSTEMPATH\View\View.php(213): include()
 2 SYSTEMPATH\View\View.php(216): CodeIgniter\View\View->CodeIgniter\View\{closure}()
 3 SYSTEMPATH\Common.php(1177): CodeIgniter\View\View->render('item_list', [], true)
 4 APPPATH\Controllers\Home.php(98): view('item_list', [...])
 5 SYSTEMPATH\CodeIgniter.php(934): App\Controllers\Home->item_list()
 6 SYSTEMPATH\CodeIgniter.php(499): CodeIgniter\CodeIgniter->runController(Object(App\Controllers\Home))
 7 SYSTEMPATH\CodeIgniter.php(368): CodeIgniter\CodeIgniter->handleRequest(null, Object(Config\Cache), false)
 8 FCPATH\index.php(67): CodeIgniter\CodeIgniter->run()
CRITICAL - 2023-02-21 09:01:11 --> Cannot use object of type mysqli as array
in APPPATH\Views\item_list.php on line 222.
 1 SYSTEMPATH\View\View.php(213): include()
 2 SYSTEMPATH\View\View.php(216): CodeIgniter\View\View->CodeIgniter\View\{closure}()
 3 SYSTEMPATH\Common.php(1177): CodeIgniter\View\View->render('item_list', [], true)
 4 APPPATH\Controllers\Home.php(98): view('item_list', [...])
 5 SYSTEMPATH\CodeIgniter.php(934): App\Controllers\Home->item_list()
 6 SYSTEMPATH\CodeIgniter.php(499): CodeIgniter\CodeIgniter->runController(Object(App\Controllers\Home))
 7 SYSTEMPATH\CodeIgniter.php(368): CodeIgniter\CodeIgniter->handleRequest(null, Object(Config\Cache), false)
 8 FCPATH\index.php(67): CodeIgniter\CodeIgniter->run()
CRITICAL - 2023-02-21 09:29:49 --> Cannot use object of type mysqli as array
in APPPATH\Views\item_list.php on line 222.
 1 SYSTEMPATH\View\View.php(213): include()
 2 SYSTEMPATH\View\View.php(216): CodeIgniter\View\View->CodeIgniter\View\{closure}()
 3 SYSTEMPATH\Common.php(1177): CodeIgniter\View\View->render('item_list', [], true)
 4 APPPATH\Controllers\Home.php(98): view('item_list', [...])
 5 SYSTEMPATH\CodeIgniter.php(934): App\Controllers\Home->item_list()
 6 SYSTEMPATH\CodeIgniter.php(499): CodeIgniter\CodeIgniter->runController(Object(App\Controllers\Home))
 7 SYSTEMPATH\CodeIgniter.php(368): CodeIgniter\CodeIgniter->handleRequest(null, Object(Config\Cache), false)
 8 FCPATH\index.php(67): CodeIgniter\CodeIgniter->run()
CRITICAL - 2023-02-21 09:29:52 --> Cannot use object of type mysqli as array
in APPPATH\Views\item_list.php on line 222.
 1 SYSTEMPATH\View\View.php(213): include()
 2 SYSTEMPATH\View\View.php(216): CodeIgniter\View\View->CodeIgniter\View\{closure}()
 3 SYSTEMPATH\Common.php(1177): CodeIgniter\View\View->render('item_list', [], true)
 4 APPPATH\Controllers\Home.php(98): view('item_list', [...])
 5 SYSTEMPATH\CodeIgniter.php(934): App\Controllers\Home->item_list()
 6 SYSTEMPATH\CodeIgniter.php(499): CodeIgniter\CodeIgniter->runController(Object(App\Controllers\Home))
 7 SYSTEMPATH\CodeIgniter.php(368): CodeIgniter\CodeIgniter->handleRequest(null, Object(Config\Cache), false)
 8 FCPATH\index.php(67): CodeIgniter\CodeIgniter->run()
CRITICAL - 2023-02-21 09:29:54 --> Cannot use object of type mysqli as array
in APPPATH\Views\item_list.php on line 222.
 1 SYSTEMPATH\View\View.php(213): include()
 2 SYSTEMPATH\View\View.php(216): CodeIgniter\View\View->CodeIgniter\View\{closure}()
 3 SYSTEMPATH\Common.php(1177): CodeIgniter\View\View->render('item_list', [], true)
 4 APPPATH\Controllers\Home.php(98): view('item_list', [...])
 5 SYSTEMPATH\CodeIgniter.php(934): App\Controllers\Home->item_list()
 6 SYSTEMPATH\CodeIgniter.php(499): CodeIgniter\CodeIgniter->runController(Object(App\Controllers\Home))
 7 SYSTEMPATH\CodeIgniter.php(368): CodeIgniter\CodeIgniter->handleRequest(null, Object(Config\Cache), false)
 8 FCPATH\index.php(67): CodeIgniter\CodeIgniter->run()
CRITICAL - 2023-02-21 09:31:45 --> Cannot use object of type mysqli as array
in APPPATH\Views\item_list.php on line 222.
 1 SYSTEMPATH\View\View.php(213): include()
 2 SYSTEMPATH\View\View.php(216): CodeIgniter\View\View->CodeIgniter\View\{closure}()
 3 SYSTEMPATH\Common.php(1177): CodeIgniter\View\View->render('item_list', [], true)
 4 APPPATH\Controllers\Home.php(98): view('item_list', [...])
 5 SYSTEMPATH\CodeIgniter.php(934): App\Controllers\Home->item_list()
 6 SYSTEMPATH\CodeIgniter.php(499): CodeIgniter\CodeIgniter->runController(Object(App\Controllers\Home))
 7 SYSTEMPATH\CodeIgniter.php(368): CodeIgniter\CodeIgniter->handleRequest(null, Object(Config\Cache), false)
 8 FCPATH\index.php(67): CodeIgniter\CodeIgniter->run()
CRITICAL - 2023-02-21 10:43:29 --> Argument 2 passed to view() must be of the type array, null given, called in G:\wamp\www\CI_CRUD\app\Controllers\Home.php on line 87
in SYSTEMPATH\Common.php on line 1163.
 1 APPPATH\Controllers\Home.php(87): view('search', null)
 2 SYSTEMPATH\CodeIgniter.php(934): App\Controllers\Home->search()
 3 SYSTEMPATH\CodeIgniter.php(499): CodeIgniter\CodeIgniter->runController(Object(App\Controllers\Home))
 4 SYSTEMPATH\CodeIgniter.php(368): CodeIgniter\CodeIgniter->handleRequest(null, Object(Config\Cache), false)
 5 FCPATH\index.php(67): CodeIgniter\CodeIgniter->run()
CRITICAL - 2023-02-21 10:44:27 --> Argument 2 passed to view() must be of the type array, null given, called in G:\wamp\www\CI_CRUD\app\Controllers\Home.php on line 89
in SYSTEMPATH\Common.php on line 1163.
 1 APPPATH\Controllers\Home.php(89): view('search', null)
 2 SYSTEMPATH\CodeIgniter.php(934): App\Controllers\Home->search()
 3 SYSTEMPATH\CodeIgniter.php(499): CodeIgniter\CodeIgniter->runController(Object(App\Controllers\Home))
 4 SYSTEMPATH\CodeIgniter.php(368): CodeIgniter\CodeIgniter->handleRequest(null, Object(Config\Cache), false)
 5 FCPATH\index.php(67): CodeIgniter\CodeIgniter->run()
