CRITICAL - 2023-04-26 07:12:56 --> Undefined variable $srdiv
in APPPATH\Views\item_list.php on line 185.
 1 APPPATH\Views\item_list.php(185): CodeIgniter\Debug\Exceptions->errorHandler(2, 'Undefined variable $srdiv', 'APPPATH\\Views\\item_list.php', 185)
 2 SYSTEMPATH\View\View.php(213): include('APPPATH\\Views\\item_list.php')
 3 SYSTEMPATH\View\View.php(216): CodeIgniter\View\View->CodeIgniter\View\{closure}()
 4 SYSTEMPATH\Common.php(1177): CodeIgniter\View\View->render('item_list', [], true)
 5 APPPATH\Controllers\Home.php(88): view('item_list', [...])
 6 SYSTEMPATH\CodeIgniter.php(934): App\Controllers\Home->item_list()
 7 SYSTEMPATH\CodeIgniter.php(499): CodeIgniter\CodeIgniter->runController(Object(App\Controllers\Home))
 8 SYSTEMPATH\CodeIgniter.php(368): CodeIgniter\CodeIgniter->handleRequest(null, Object(Config\Cache), false)
 9 FCPATH\index.php(67): CodeIgniter\CodeIgniter->run()
CRITICAL - 2023-04-26 07:15:30 --> Undefined variable $srdiv
in APPPATH\Views\item_list.php on line 185.
 1 APPPATH\Views\item_list.php(185): CodeIgniter\Debug\Exceptions->errorHandler(2, 'Undefined variable $srdiv', 'APPPATH\\Views\\item_list.php', 185)
 2 SYSTEMPATH\View\View.php(213): include('APPPATH\\Views\\item_list.php')
 3 SYSTEMPATH\View\View.php(216): CodeIgniter\View\View->CodeIgniter\View\{closure}()
 4 SYSTEMPATH\Common.php(1177): CodeIgniter\View\View->render('item_list', [], true)
 5 APPPATH\Controllers\Home.php(88): view('item_list', [...])
 6 SYSTEMPATH\CodeIgniter.php(934): App\Controllers\Home->item_list()
 7 SYSTEMPATH\CodeIgniter.php(499): CodeIgniter\CodeIgniter->runController(Object(App\Controllers\Home))
 8 SYSTEMPATH\CodeIgniter.php(368): CodeIgniter\CodeIgniter->handleRequest(null, Object(Config\Cache), false)
 9 FCPATH\index.php(67): CodeIgniter\CodeIgniter->run()
CRITICAL - 2023-04-26 07:21:50 --> Undefined variable $srdiv
in APPPATH\Views\item_list.php on line 185.
 1 APPPATH\Views\item_list.php(185): CodeIgniter\Debug\Exceptions->errorHandler(2, 'Undefined variable $srdiv', 'APPPATH\\Views\\item_list.php', 185)
 2 SYSTEMPATH\View\View.php(213): include('APPPATH\\Views\\item_list.php')
 3 SYSTEMPATH\View\View.php(216): CodeIgniter\View\View->CodeIgniter\View\{closure}()
 4 SYSTEMPATH\Common.php(1177): CodeIgniter\View\View->render('item_list', [], true)
 5 APPPATH\Controllers\Home.php(88): view('item_list', [...])
 6 SYSTEMPATH\CodeIgniter.php(934): App\Controllers\Home->item_list()
 7 SYSTEMPATH\CodeIgniter.php(499): CodeIgniter\CodeIgniter->runController(Object(App\Controllers\Home))
 8 SYSTEMPATH\CodeIgniter.php(368): CodeIgniter\CodeIgniter->handleRequest(null, Object(Config\Cache), false)
 9 FCPATH\index.php(67): CodeIgniter\CodeIgniter->run()
CRITICAL - 2023-04-26 07:22:06 --> Undefined variable $srdiv
in APPPATH\Views\item_list.php on line 185.
 1 APPPATH\Views\item_list.php(185): CodeIgniter\Debug\Exceptions->errorHandler(2, 'Undefined variable $srdiv', 'APPPATH\\Views\\item_list.php', 185)
 2 SYSTEMPATH\View\View.php(213): include('APPPATH\\Views\\item_list.php')
 3 SYSTEMPATH\View\View.php(216): CodeIgniter\View\View->CodeIgniter\View\{closure}()
 4 SYSTEMPATH\Common.php(1177): CodeIgniter\View\View->render('item_list', [], true)
 5 APPPATH\Controllers\Home.php(88): view('item_list', [...])
 6 SYSTEMPATH\CodeIgniter.php(934): App\Controllers\Home->item_list()
 7 SYSTEMPATH\CodeIgniter.php(499): CodeIgniter\CodeIgniter->runController(Object(App\Controllers\Home))
 8 SYSTEMPATH\CodeIgniter.php(368): CodeIgniter\CodeIgniter->handleRequest(null, Object(Config\Cache), false)
 9 FCPATH\index.php(67): CodeIgniter\CodeIgniter->run()
CRITICAL - 2023-04-26 07:22:17 --> Undefined variable $srdiv
in APPPATH\Views\item_list.php on line 185.
 1 APPPATH\Views\item_list.php(185): CodeIgniter\Debug\Exceptions->errorHandler(2, 'Undefined variable $srdiv', 'APPPATH\\Views\\item_list.php', 185)
 2 SYSTEMPATH\View\View.php(213): include('APPPATH\\Views\\item_list.php')
 3 SYSTEMPATH\View\View.php(216): CodeIgniter\View\View->CodeIgniter\View\{closure}()
 4 SYSTEMPATH\Common.php(1177): CodeIgniter\View\View->render('item_list', [], true)
 5 APPPATH\Controllers\Home.php(88): view('item_list', [...])
 6 SYSTEMPATH\CodeIgniter.php(934): App\Controllers\Home->item_list()
 7 SYSTEMPATH\CodeIgniter.php(499): CodeIgniter\CodeIgniter->runController(Object(App\Controllers\Home))
 8 SYSTEMPATH\CodeIgniter.php(368): CodeIgniter\CodeIgniter->handleRequest(null, Object(Config\Cache), false)
 9 FCPATH\index.php(67): CodeIgniter\CodeIgniter->run()
CRITICAL - 2023-04-26 07:22:37 --> Undefined variable $srdiv
in APPPATH\Views\item_list.php on line 185.
 1 APPPATH\Views\item_list.php(185): CodeIgniter\Debug\Exceptions->errorHandler(2, 'Undefined variable $srdiv', 'APPPATH\\Views\\item_list.php', 185)
 2 SYSTEMPATH\View\View.php(213): include('APPPATH\\Views\\item_list.php')
 3 SYSTEMPATH\View\View.php(216): CodeIgniter\View\View->CodeIgniter\View\{closure}()
 4 SYSTEMPATH\Common.php(1177): CodeIgniter\View\View->render('item_list', [], true)
 5 APPPATH\Controllers\Home.php(88): view('item_list', [...])
 6 SYSTEMPATH\CodeIgniter.php(934): App\Controllers\Home->item_list()
 7 SYSTEMPATH\CodeIgniter.php(499): CodeIgniter\CodeIgniter->runController(Object(App\Controllers\Home))
 8 SYSTEMPATH\CodeIgniter.php(368): CodeIgniter\CodeIgniter->handleRequest(null, Object(Config\Cache), false)
 9 FCPATH\index.php(67): CodeIgniter\CodeIgniter->run()
CRITICAL - 2023-04-26 07:23:02 --> Undefined variable $srdiv
in APPPATH\Views\item_list.php on line 185.
 1 APPPATH\Views\item_list.php(185): CodeIgniter\Debug\Exceptions->errorHandler(2, 'Undefined variable $srdiv', 'APPPATH\\Views\\item_list.php', 185)
 2 SYSTEMPATH\View\View.php(213): include('APPPATH\\Views\\item_list.php')
 3 SYSTEMPATH\View\View.php(216): CodeIgniter\View\View->CodeIgniter\View\{closure}()
 4 SYSTEMPATH\Common.php(1177): CodeIgniter\View\View->render('item_list', [], true)
 5 APPPATH\Controllers\Home.php(88): view('item_list', [...])
 6 SYSTEMPATH\CodeIgniter.php(934): App\Controllers\Home->item_list()
 7 SYSTEMPATH\CodeIgniter.php(499): CodeIgniter\CodeIgniter->runController(Object(App\Controllers\Home))
 8 SYSTEMPATH\CodeIgniter.php(368): CodeIgniter\CodeIgniter->handleRequest(null, Object(Config\Cache), false)
 9 FCPATH\index.php(67): CodeIgniter\CodeIgniter->run()
