CRITICAL - 2023-02-16 04:19:18 --> Argument 2 passed to view() must be of the type array, null given, called in G:\wamp\www\CI_CRUD\app\Controllers\Home.php on line 20
in SYSTEMPATH\Common.php on line 1163.
 1 APPPATH\Controllers\Home.php(20): view('search', null)
 2 SYSTEMPATH\CodeIgniter.php(934): App\Controllers\Home->index()
 3 SYSTEMPATH\CodeIgniter.php(499): CodeIgniter\CodeIgniter->runController(Object(App\Controllers\Home))
 4 SYSTEMPATH\CodeIgniter.php(368): CodeIgniter\CodeIgniter->handleRequest(null, Object(Config\Cache), false)
 5 FCPATH\index.php(67): CodeIgniter\CodeIgniter->run()
CRITICAL - 2023-02-16 04:43:28 --> Argument 2 passed to view() must be of the type array, null given, called in G:\wamp\www\CI_CRUD\app\Controllers\Home.php on line 91
in SYSTEMPATH\Common.php on line 1163.
 1 APPPATH\Controllers\Home.php(91): view('search', null)
 2 SYSTEMPATH\CodeIgniter.php(934): App\Controllers\Home->search()
 3 SYSTEMPATH\CodeIgniter.php(499): CodeIgniter\CodeIgniter->runController(Object(App\Controllers\Home))
 4 SYSTEMPATH\CodeIgniter.php(368): CodeIgniter\CodeIgniter->handleRequest(null, Object(Config\Cache), false)
 5 FCPATH\index.php(67): CodeIgniter\CodeIgniter->run()
CRITICAL - 2023-02-16 04:43:32 --> Argument 2 passed to view() must be of the type array, null given, called in G:\wamp\www\CI_CRUD\app\Controllers\Home.php on line 91
in SYSTEMPATH\Common.php on line 1163.
 1 APPPATH\Controllers\Home.php(91): view('search', null)
 2 SYSTEMPATH\CodeIgniter.php(934): App\Controllers\Home->search()
 3 SYSTEMPATH\CodeIgniter.php(499): CodeIgniter\CodeIgniter->runController(Object(App\Controllers\Home))
 4 SYSTEMPATH\CodeIgniter.php(368): CodeIgniter\CodeIgniter->handleRequest(null, Object(Config\Cache), false)
 5 FCPATH\index.php(67): CodeIgniter\CodeIgniter->run()
CRITICAL - 2023-02-16 04:43:40 --> Argument 2 passed to view() must be of the type array, null given, called in G:\wamp\www\CI_CRUD\app\Controllers\Home.php on line 91
in SYSTEMPATH\Common.php on line 1163.
 1 APPPATH\Controllers\Home.php(91): view('search', null)
 2 SYSTEMPATH\CodeIgniter.php(934): App\Controllers\Home->search()
 3 SYSTEMPATH\CodeIgniter.php(499): CodeIgniter\CodeIgniter->runController(Object(App\Controllers\Home))
 4 SYSTEMPATH\CodeIgniter.php(368): CodeIgniter\CodeIgniter->handleRequest(null, Object(Config\Cache), false)
 5 FCPATH\index.php(67): CodeIgniter\CodeIgniter->run()
CRITICAL - 2023-02-16 04:44:27 --> Call to a member function findAll() on null
in APPPATH\Controllers\Home.php on line 91.
 1 SYSTEMPATH\CodeIgniter.php(934): App\Controllers\Home->search()
 2 SYSTEMPATH\CodeIgniter.php(499): CodeIgniter\CodeIgniter->runController(Object(App\Controllers\Home))
 3 SYSTEMPATH\CodeIgniter.php(368): CodeIgniter\CodeIgniter->handleRequest(null, Object(Config\Cache), false)
 4 FCPATH\index.php(67): CodeIgniter\CodeIgniter->run()
CRITICAL - 2023-02-16 04:50:14 --> Argument 2 passed to view() must be of the type array, null given, called in G:\wamp\www\CI_CRUD\app\Controllers\Home.php on line 92
in SYSTEMPATH\Common.php on line 1163.
 1 APPPATH\Controllers\Home.php(92): view('search', null)
 2 SYSTEMPATH\CodeIgniter.php(934): App\Controllers\Home->search()
 3 SYSTEMPATH\CodeIgniter.php(499): CodeIgniter\CodeIgniter->runController(Object(App\Controllers\Home))
 4 SYSTEMPATH\CodeIgniter.php(368): CodeIgniter\CodeIgniter->handleRequest(null, Object(Config\Cache), false)
 5 FCPATH\index.php(67): CodeIgniter\CodeIgniter->run()
CRITICAL - 2023-02-16 04:51:47 --> Argument 2 passed to view() must be of the type array, null given, called in G:\wamp\www\CI_CRUD\app\Controllers\Home.php on line 93
in SYSTEMPATH\Common.php on line 1163.
 1 APPPATH\Controllers\Home.php(93): view('search', null)
 2 SYSTEMPATH\CodeIgniter.php(934): App\Controllers\Home->search()
 3 SYSTEMPATH\CodeIgniter.php(499): CodeIgniter\CodeIgniter->runController(Object(App\Controllers\Home))
 4 SYSTEMPATH\CodeIgniter.php(368): CodeIgniter\CodeIgniter->handleRequest(null, Object(Config\Cache), false)
 5 FCPATH\index.php(67): CodeIgniter\CodeIgniter->run()
CRITICAL - 2023-02-16 04:51:49 --> Argument 2 passed to view() must be of the type array, null given, called in G:\wamp\www\CI_CRUD\app\Controllers\Home.php on line 93
in SYSTEMPATH\Common.php on line 1163.
 1 APPPATH\Controllers\Home.php(93): view('search', null)
 2 SYSTEMPATH\CodeIgniter.php(934): App\Controllers\Home->search()
 3 SYSTEMPATH\CodeIgniter.php(499): CodeIgniter\CodeIgniter->runController(Object(App\Controllers\Home))
 4 SYSTEMPATH\CodeIgniter.php(368): CodeIgniter\CodeIgniter->handleRequest(null, Object(Config\Cache), false)
 5 FCPATH\index.php(67): CodeIgniter\CodeIgniter->run()
CRITICAL - 2023-02-16 04:51:51 --> Argument 2 passed to view() must be of the type array, null given, called in G:\wamp\www\CI_CRUD\app\Controllers\Home.php on line 93
in SYSTEMPATH\Common.php on line 1163.
 1 APPPATH\Controllers\Home.php(93): view('search', null)
 2 SYSTEMPATH\CodeIgniter.php(934): App\Controllers\Home->search()
 3 SYSTEMPATH\CodeIgniter.php(499): CodeIgniter\CodeIgniter->runController(Object(App\Controllers\Home))
 4 SYSTEMPATH\CodeIgniter.php(368): CodeIgniter\CodeIgniter->handleRequest(null, Object(Config\Cache), false)
 5 FCPATH\index.php(67): CodeIgniter\CodeIgniter->run()
CRITICAL - 2023-02-16 04:52:08 --> Argument 2 passed to view() must be of the type array, null given, called in G:\wamp\www\CI_CRUD\app\Controllers\Home.php on line 93
in SYSTEMPATH\Common.php on line 1163.
 1 APPPATH\Controllers\Home.php(93): view('search', null)
 2 SYSTEMPATH\CodeIgniter.php(934): App\Controllers\Home->search()
 3 SYSTEMPATH\CodeIgniter.php(499): CodeIgniter\CodeIgniter->runController(Object(App\Controllers\Home))
 4 SYSTEMPATH\CodeIgniter.php(368): CodeIgniter\CodeIgniter->handleRequest(null, Object(Config\Cache), false)
 5 FCPATH\index.php(67): CodeIgniter\CodeIgniter->run()
CRITICAL - 2023-02-16 04:52:37 --> Argument 2 passed to view() must be of the type array, null given, called in G:\wamp\www\CI_CRUD\app\Controllers\Home.php on line 92
in SYSTEMPATH\Common.php on line 1163.
 1 APPPATH\Controllers\Home.php(92): view('search', null)
 2 SYSTEMPATH\CodeIgniter.php(934): App\Controllers\Home->search()
 3 SYSTEMPATH\CodeIgniter.php(499): CodeIgniter\CodeIgniter->runController(Object(App\Controllers\Home))
 4 SYSTEMPATH\CodeIgniter.php(368): CodeIgniter\CodeIgniter->handleRequest(null, Object(Config\Cache), false)
 5 FCPATH\index.php(67): CodeIgniter\CodeIgniter->run()
CRITICAL - 2023-02-16 04:54:01 --> Argument 2 passed to view() must be of the type array, null given, called in G:\wamp\www\CI_CRUD\app\Controllers\Home.php on line 93
in SYSTEMPATH\Common.php on line 1163.
 1 APPPATH\Controllers\Home.php(93): view('search', null)
 2 SYSTEMPATH\CodeIgniter.php(934): App\Controllers\Home->search()
 3 SYSTEMPATH\CodeIgniter.php(499): CodeIgniter\CodeIgniter->runController(Object(App\Controllers\Home))
 4 SYSTEMPATH\CodeIgniter.php(368): CodeIgniter\CodeIgniter->handleRequest(null, Object(Config\Cache), false)
 5 FCPATH\index.php(67): CodeIgniter\CodeIgniter->run()
CRITICAL - 2023-02-16 04:55:46 --> Argument 2 passed to view() must be of the type array, null given, called in G:\wamp\www\CI_CRUD\app\Controllers\Home.php on line 93
in SYSTEMPATH\Common.php on line 1163.
 1 APPPATH\Controllers\Home.php(93): view('search', null, null)
 2 SYSTEMPATH\CodeIgniter.php(934): App\Controllers\Home->search()
 3 SYSTEMPATH\CodeIgniter.php(499): CodeIgniter\CodeIgniter->runController(Object(App\Controllers\Home))
 4 SYSTEMPATH\CodeIgniter.php(368): CodeIgniter\CodeIgniter->handleRequest(null, Object(Config\Cache), false)
 5 FCPATH\index.php(67): CodeIgniter\CodeIgniter->run()
CRITICAL - 2023-02-16 04:56:29 --> Argument 2 passed to view() must be of the type array, null given, called in G:\wamp\www\CI_CRUD\app\Controllers\Home.php on line 93
in SYSTEMPATH\Common.php on line 1163.
 1 APPPATH\Controllers\Home.php(93): view('search', null)
 2 SYSTEMPATH\CodeIgniter.php(934): App\Controllers\Home->search()
 3 SYSTEMPATH\CodeIgniter.php(499): CodeIgniter\CodeIgniter->runController(Object(App\Controllers\Home))
 4 SYSTEMPATH\CodeIgniter.php(368): CodeIgniter\CodeIgniter->handleRequest(null, Object(Config\Cache), false)
 5 FCPATH\index.php(67): CodeIgniter\CodeIgniter->run()
CRITICAL - 2023-02-16 04:57:03 --> Argument 2 passed to view() must be of the type array, null given, called in G:\wamp\www\CI_CRUD\app\Controllers\Home.php on line 93
in SYSTEMPATH\Common.php on line 1163.
 1 APPPATH\Controllers\Home.php(93): view('search', null)
 2 SYSTEMPATH\CodeIgniter.php(934): App\Controllers\Home->search()
 3 SYSTEMPATH\CodeIgniter.php(499): CodeIgniter\CodeIgniter->runController(Object(App\Controllers\Home))
 4 SYSTEMPATH\CodeIgniter.php(368): CodeIgniter\CodeIgniter->handleRequest(null, Object(Config\Cache), false)
 5 FCPATH\index.php(67): CodeIgniter\CodeIgniter->run()
CRITICAL - 2023-02-16 06:44:24 --> The action you requested is not allowed.
in SYSTEMPATH\Security\Security.php on line 306.
 1 SYSTEMPATH\Security\Security.php(306): CodeIgniter\Security\Exceptions\SecurityException::forDisallowedAction()
 2 SYSTEMPATH\Filters\CSRF.php(55): CodeIgniter\Security\Security->verify(Object(CodeIgniter\HTTP\IncomingRequest))
 3 SYSTEMPATH\Filters\Filters.php(173): CodeIgniter\Filters\CSRF->before(Object(CodeIgniter\HTTP\IncomingRequest), null)
 4 SYSTEMPATH\CodeIgniter.php(473): CodeIgniter\Filters\Filters->run('/item_list', 'before')
 5 SYSTEMPATH\CodeIgniter.php(368): CodeIgniter\CodeIgniter->handleRequest(null, Object(Config\Cache), false)
 6 FCPATH\index.php(67): CodeIgniter\CodeIgniter->run()
CRITICAL - 2023-02-16 09:51:48 --> syntax error, unexpected '$routes' (T_VARIABLE)
in APPPATH\Config\Routes.php on line 36.
 1 SYSTEMPATH\CodeIgniter.php(802): CodeIgniter\Router\RouteCollection->loadRoutes()
 2 SYSTEMPATH\CodeIgniter.php(449): CodeIgniter\CodeIgniter->tryToRouteIt(null)
 3 SYSTEMPATH\CodeIgniter.php(368): CodeIgniter\CodeIgniter->handleRequest(null, Object(Config\Cache), false)
 4 FCPATH\index.php(67): CodeIgniter\CodeIgniter->run()
CRITICAL - 2023-02-16 09:53:27 --> syntax error, unexpected '$routes' (T_VARIABLE)
in APPPATH\Config\Routes.php on line 36.
 1 SYSTEMPATH\CodeIgniter.php(802): CodeIgniter\Router\RouteCollection->loadRoutes()
 2 SYSTEMPATH\CodeIgniter.php(449): CodeIgniter\CodeIgniter->tryToRouteIt(null)
 3 SYSTEMPATH\CodeIgniter.php(368): CodeIgniter\CodeIgniter->handleRequest(null, Object(Config\Cache), false)
 4 FCPATH\index.php(67): CodeIgniter\CodeIgniter->run()
CRITICAL - 2023-02-16 09:53:41 --> syntax error, unexpected '$routes' (T_VARIABLE)
in APPPATH\Config\Routes.php on line 36.
 1 SYSTEMPATH\CodeIgniter.php(802): CodeIgniter\Router\RouteCollection->loadRoutes()
 2 SYSTEMPATH\CodeIgniter.php(449): CodeIgniter\CodeIgniter->tryToRouteIt(null)
 3 SYSTEMPATH\CodeIgniter.php(368): CodeIgniter\CodeIgniter->handleRequest(null, Object(Config\Cache), false)
 4 FCPATH\index.php(67): CodeIgniter\CodeIgniter->run()
CRITICAL - 2023-02-16 11:08:10 --> Invalid file: "login/save.php"
in SYSTEMPATH\Exceptions\FrameworkException.php on line 33.
 1 SYSTEMPATH\View\View.php(201): CodeIgniter\Exceptions\FrameworkException::forInvalidFile('login/save.php')
 2 SYSTEMPATH\Common.php(1177): CodeIgniter\View\View->render('login/save', [], true)
 3 APPPATH\Controllers\Auth.php(10): view('login/save')
 4 SYSTEMPATH\CodeIgniter.php(934): App\Controllers\Auth->index()
 5 SYSTEMPATH\CodeIgniter.php(499): CodeIgniter\CodeIgniter->runController(Object(App\Controllers\Auth))
 6 SYSTEMPATH\CodeIgniter.php(368): CodeIgniter\CodeIgniter->handleRequest(null, Object(Config\Cache), false)
 7 FCPATH\index.php(67): CodeIgniter\CodeIgniter->run()
CRITICAL - 2023-02-16 17:25:53 --> Invalid file: "Auth/login.php"
in SYSTEMPATH\Exceptions\FrameworkException.php on line 33.
 1 SYSTEMPATH\View\View.php(201): CodeIgniter\Exceptions\FrameworkException::forInvalidFile('Auth/login.php')
 2 SYSTEMPATH\Common.php(1177): CodeIgniter\View\View->render('Auth/login', [], true)
 3 APPPATH\Controllers\Auth.php(24): view('Auth/login', [...])
 4 SYSTEMPATH\CodeIgniter.php(934): App\Controllers\Auth->save()
 5 SYSTEMPATH\CodeIgniter.php(499): CodeIgniter\CodeIgniter->runController(Object(App\Controllers\Auth))
 6 SYSTEMPATH\CodeIgniter.php(368): CodeIgniter\CodeIgniter->handleRequest(null, Object(Config\Cache), false)
 7 FCPATH\index.php(67): CodeIgniter\CodeIgniter->run()
CRITICAL - 2023-02-16 17:25:56 --> Invalid file: "Auth/login.php"
in SYSTEMPATH\Exceptions\FrameworkException.php on line 33.
 1 SYSTEMPATH\View\View.php(201): CodeIgniter\Exceptions\FrameworkException::forInvalidFile('Auth/login.php')
 2 SYSTEMPATH\Common.php(1177): CodeIgniter\View\View->render('Auth/login', [], true)
 3 APPPATH\Controllers\Auth.php(24): view('Auth/login', [...])
 4 SYSTEMPATH\CodeIgniter.php(934): App\Controllers\Auth->save()
 5 SYSTEMPATH\CodeIgniter.php(499): CodeIgniter\CodeIgniter->runController(Object(App\Controllers\Auth))
 6 SYSTEMPATH\CodeIgniter.php(368): CodeIgniter\CodeIgniter->handleRequest(null, Object(Config\Cache), false)
 7 FCPATH\index.php(67): CodeIgniter\CodeIgniter->run()
