CRITICAL - 2023-02-23 04:23:15 --> Cannot use object of type mysqli as array
in APPPATH\Views\item_list.php on line 222.
 1 SYSTEMPATH\View\View.php(213): include()
 2 SYSTEMPATH\View\View.php(216): CodeIgniter\View\View->CodeIgniter\View\{closure}()
 3 SYSTEMPATH\Common.php(1177): CodeIgniter\View\View->render('item_list', [], true)
 4 APPPATH\Controllers\Home.php(114): view('item_list', [...])
 5 SYSTEMPATH\CodeIgniter.php(934): App\Controllers\Home->item_list()
 6 SYSTEMPATH\CodeIgniter.php(499): CodeIgniter\CodeIgniter->runController(Object(App\Controllers\Home))
 7 SYSTEMPATH\CodeIgniter.php(368): CodeIgniter\CodeIgniter->handleRequest(null, Object(Config\Cache), false)
 8 FCPATH\index.php(67): CodeIgniter\CodeIgniter->run()
CRITICAL - 2023-02-23 04:23:59 --> Cannot use object of type mysqli as array
in APPPATH\Views\item_list.php on line 222.
 1 SYSTEMPATH\View\View.php(213): include()
 2 SYSTEMPATH\View\View.php(216): CodeIgniter\View\View->CodeIgniter\View\{closure}()
 3 SYSTEMPATH\Common.php(1177): CodeIgniter\View\View->render('item_list', [], true)
 4 APPPATH\Controllers\Home.php(114): view('item_list', [...])
 5 SYSTEMPATH\CodeIgniter.php(934): App\Controllers\Home->item_list()
 6 SYSTEMPATH\CodeIgniter.php(499): CodeIgniter\CodeIgniter->runController(Object(App\Controllers\Home))
 7 SYSTEMPATH\CodeIgniter.php(368): CodeIgniter\CodeIgniter->handleRequest(null, Object(Config\Cache), false)
 8 FCPATH\index.php(67): CodeIgniter\CodeIgniter->run()
CRITICAL - 2023-02-23 04:24:01 --> Cannot use object of type mysqli as array
in APPPATH\Views\item_list.php on line 222.
 1 SYSTEMPATH\View\View.php(213): include()
 2 SYSTEMPATH\View\View.php(216): CodeIgniter\View\View->CodeIgniter\View\{closure}()
 3 SYSTEMPATH\Common.php(1177): CodeIgniter\View\View->render('item_list', [], true)
 4 APPPATH\Controllers\Home.php(114): view('item_list', [...])
 5 SYSTEMPATH\CodeIgniter.php(934): App\Controllers\Home->item_list()
 6 SYSTEMPATH\CodeIgniter.php(499): CodeIgniter\CodeIgniter->runController(Object(App\Controllers\Home))
 7 SYSTEMPATH\CodeIgniter.php(368): CodeIgniter\CodeIgniter->handleRequest(null, Object(Config\Cache), false)
 8 FCPATH\index.php(67): CodeIgniter\CodeIgniter->run()
CRITICAL - 2023-02-23 04:24:04 --> Cannot use object of type mysqli as array
in APPPATH\Views\item_list.php on line 222.
 1 SYSTEMPATH\View\View.php(213): include()
 2 SYSTEMPATH\View\View.php(216): CodeIgniter\View\View->CodeIgniter\View\{closure}()
 3 SYSTEMPATH\Common.php(1177): CodeIgniter\View\View->render('item_list', [], true)
 4 APPPATH\Controllers\Home.php(114): view('item_list', [...])
 5 SYSTEMPATH\CodeIgniter.php(934): App\Controllers\Home->item_list()
 6 SYSTEMPATH\CodeIgniter.php(499): CodeIgniter\CodeIgniter->runController(Object(App\Controllers\Home))
 7 SYSTEMPATH\CodeIgniter.php(368): CodeIgniter\CodeIgniter->handleRequest(null, Object(Config\Cache), false)
 8 FCPATH\index.php(67): CodeIgniter\CodeIgniter->run()
CRITICAL - 2023-02-23 04:24:20 --> Cannot use object of type mysqli as array
in APPPATH\Views\item_list.php on line 222.
 1 SYSTEMPATH\View\View.php(213): include()
 2 SYSTEMPATH\View\View.php(216): CodeIgniter\View\View->CodeIgniter\View\{closure}()
 3 SYSTEMPATH\Common.php(1177): CodeIgniter\View\View->render('item_list', [], true)
 4 APPPATH\Controllers\Home.php(114): view('item_list', [...])
 5 SYSTEMPATH\CodeIgniter.php(934): App\Controllers\Home->item_list()
 6 SYSTEMPATH\CodeIgniter.php(499): CodeIgniter\CodeIgniter->runController(Object(App\Controllers\Home))
 7 SYSTEMPATH\CodeIgniter.php(368): CodeIgniter\CodeIgniter->handleRequest(null, Object(Config\Cache), false)
 8 FCPATH\index.php(67): CodeIgniter\CodeIgniter->run()
CRITICAL - 2023-02-23 04:24:20 --> Cannot use object of type mysqli as array
in APPPATH\Views\item_list.php on line 222.
 1 SYSTEMPATH\View\View.php(213): include()
 2 SYSTEMPATH\View\View.php(216): CodeIgniter\View\View->CodeIgniter\View\{closure}()
 3 SYSTEMPATH\Common.php(1177): CodeIgniter\View\View->render('item_list', [], true)
 4 APPPATH\Controllers\Home.php(114): view('item_list', [...])
 5 SYSTEMPATH\CodeIgniter.php(934): App\Controllers\Home->item_list()
 6 SYSTEMPATH\CodeIgniter.php(499): CodeIgniter\CodeIgniter->runController(Object(App\Controllers\Home))
 7 SYSTEMPATH\CodeIgniter.php(368): CodeIgniter\CodeIgniter->handleRequest(null, Object(Config\Cache), false)
 8 FCPATH\index.php(67): CodeIgniter\CodeIgniter->run()
CRITICAL - 2023-02-23 04:24:21 --> Cannot use object of type mysqli as array
in APPPATH\Views\item_list.php on line 222.
 1 SYSTEMPATH\View\View.php(213): include()
 2 SYSTEMPATH\View\View.php(216): CodeIgniter\View\View->CodeIgniter\View\{closure}()
 3 SYSTEMPATH\Common.php(1177): CodeIgniter\View\View->render('item_list', [], true)
 4 APPPATH\Controllers\Home.php(114): view('item_list', [...])
 5 SYSTEMPATH\CodeIgniter.php(934): App\Controllers\Home->item_list()
 6 SYSTEMPATH\CodeIgniter.php(499): CodeIgniter\CodeIgniter->runController(Object(App\Controllers\Home))
 7 SYSTEMPATH\CodeIgniter.php(368): CodeIgniter\CodeIgniter->handleRequest(null, Object(Config\Cache), false)
 8 FCPATH\index.php(67): CodeIgniter\CodeIgniter->run()
CRITICAL - 2023-02-23 04:24:21 --> Cannot use object of type mysqli as array
in APPPATH\Views\item_list.php on line 222.
 1 SYSTEMPATH\View\View.php(213): include()
 2 SYSTEMPATH\View\View.php(216): CodeIgniter\View\View->CodeIgniter\View\{closure}()
 3 SYSTEMPATH\Common.php(1177): CodeIgniter\View\View->render('item_list', [], true)
 4 APPPATH\Controllers\Home.php(114): view('item_list', [...])
 5 SYSTEMPATH\CodeIgniter.php(934): App\Controllers\Home->item_list()
 6 SYSTEMPATH\CodeIgniter.php(499): CodeIgniter\CodeIgniter->runController(Object(App\Controllers\Home))
 7 SYSTEMPATH\CodeIgniter.php(368): CodeIgniter\CodeIgniter->handleRequest(null, Object(Config\Cache), false)
 8 FCPATH\index.php(67): CodeIgniter\CodeIgniter->run()
CRITICAL - 2023-02-23 04:24:21 --> Cannot use object of type mysqli as array
in APPPATH\Views\item_list.php on line 222.
 1 SYSTEMPATH\View\View.php(213): include()
 2 SYSTEMPATH\View\View.php(216): CodeIgniter\View\View->CodeIgniter\View\{closure}()
 3 SYSTEMPATH\Common.php(1177): CodeIgniter\View\View->render('item_list', [], true)
 4 APPPATH\Controllers\Home.php(114): view('item_list', [...])
 5 SYSTEMPATH\CodeIgniter.php(934): App\Controllers\Home->item_list()
 6 SYSTEMPATH\CodeIgniter.php(499): CodeIgniter\CodeIgniter->runController(Object(App\Controllers\Home))
 7 SYSTEMPATH\CodeIgniter.php(368): CodeIgniter\CodeIgniter->handleRequest(null, Object(Config\Cache), false)
 8 FCPATH\index.php(67): CodeIgniter\CodeIgniter->run()
CRITICAL - 2023-02-23 04:41:20 --> Cannot use object of type mysqli as array
in APPPATH\Views\item_list.php on line 222.
 1 SYSTEMPATH\View\View.php(213): include()
 2 SYSTEMPATH\View\View.php(216): CodeIgniter\View\View->CodeIgniter\View\{closure}()
 3 SYSTEMPATH\Common.php(1177): CodeIgniter\View\View->render('item_list', [], true)
 4 APPPATH\Controllers\Home.php(114): view('item_list', [...])
 5 SYSTEMPATH\CodeIgniter.php(934): App\Controllers\Home->item_list()
 6 SYSTEMPATH\CodeIgniter.php(499): CodeIgniter\CodeIgniter->runController(Object(App\Controllers\Home))
 7 SYSTEMPATH\CodeIgniter.php(368): CodeIgniter\CodeIgniter->handleRequest(null, Object(Config\Cache), false)
 8 FCPATH\index.php(67): CodeIgniter\CodeIgniter->run()
CRITICAL - 2023-02-23 04:44:21 --> Cannot use object of type mysqli as array
in APPPATH\Views\item_list.php on line 222.
 1 SYSTEMPATH\View\View.php(213): include()
 2 SYSTEMPATH\View\View.php(216): CodeIgniter\View\View->CodeIgniter\View\{closure}()
 3 SYSTEMPATH\Common.php(1177): CodeIgniter\View\View->render('item_list', [], true)
 4 APPPATH\Controllers\Home.php(110): view('item_list', [...])
 5 SYSTEMPATH\CodeIgniter.php(934): App\Controllers\Home->item_list()
 6 SYSTEMPATH\CodeIgniter.php(499): CodeIgniter\CodeIgniter->runController(Object(App\Controllers\Home))
 7 SYSTEMPATH\CodeIgniter.php(368): CodeIgniter\CodeIgniter->handleRequest(null, Object(Config\Cache), false)
 8 FCPATH\index.php(67): CodeIgniter\CodeIgniter->run()
CRITICAL - 2023-02-23 04:44:37 --> Cannot use object of type mysqli as array
in APPPATH\Views\item_list.php on line 222.
 1 SYSTEMPATH\View\View.php(213): include()
 2 SYSTEMPATH\View\View.php(216): CodeIgniter\View\View->CodeIgniter\View\{closure}()
 3 SYSTEMPATH\Common.php(1177): CodeIgniter\View\View->render('item_list', [], true)
 4 APPPATH\Controllers\Home.php(110): view('item_list', [...])
 5 SYSTEMPATH\CodeIgniter.php(934): App\Controllers\Home->item_list()
 6 SYSTEMPATH\CodeIgniter.php(499): CodeIgniter\CodeIgniter->runController(Object(App\Controllers\Home))
 7 SYSTEMPATH\CodeIgniter.php(368): CodeIgniter\CodeIgniter->handleRequest(null, Object(Config\Cache), false)
 8 FCPATH\index.php(67): CodeIgniter\CodeIgniter->run()
CRITICAL - 2023-02-23 04:44:57 --> Cannot use object of type mysqli as array
in APPPATH\Views\item_list.php on line 222.
 1 SYSTEMPATH\View\View.php(213): include()
 2 SYSTEMPATH\View\View.php(216): CodeIgniter\View\View->CodeIgniter\View\{closure}()
 3 SYSTEMPATH\Common.php(1177): CodeIgniter\View\View->render('item_list', [], true)
 4 APPPATH\Controllers\Home.php(110): view('item_list', [...])
 5 SYSTEMPATH\CodeIgniter.php(934): App\Controllers\Home->item_list()
 6 SYSTEMPATH\CodeIgniter.php(499): CodeIgniter\CodeIgniter->runController(Object(App\Controllers\Home))
 7 SYSTEMPATH\CodeIgniter.php(368): CodeIgniter\CodeIgniter->handleRequest(null, Object(Config\Cache), false)
 8 FCPATH\index.php(67): CodeIgniter\CodeIgniter->run()
CRITICAL - 2023-02-23 04:45:50 --> Cannot use object of type mysqli as array
in APPPATH\Views\item_list.php on line 222.
 1 SYSTEMPATH\View\View.php(213): include()
 2 SYSTEMPATH\View\View.php(216): CodeIgniter\View\View->CodeIgniter\View\{closure}()
 3 SYSTEMPATH\Common.php(1177): CodeIgniter\View\View->render('item_list', [], true)
 4 APPPATH\Controllers\Home.php(110): view('item_list', [...])
 5 SYSTEMPATH\CodeIgniter.php(934): App\Controllers\Home->item_list()
 6 SYSTEMPATH\CodeIgniter.php(499): CodeIgniter\CodeIgniter->runController(Object(App\Controllers\Home))
 7 SYSTEMPATH\CodeIgniter.php(368): CodeIgniter\CodeIgniter->handleRequest(null, Object(Config\Cache), false)
 8 FCPATH\index.php(67): CodeIgniter\CodeIgniter->run()
CRITICAL - 2023-02-23 04:53:25 --> Cannot use object of type mysqli as array
in APPPATH\Views\item_list.php on line 222.
 1 SYSTEMPATH\View\View.php(213): include()
 2 SYSTEMPATH\View\View.php(216): CodeIgniter\View\View->CodeIgniter\View\{closure}()
 3 SYSTEMPATH\Common.php(1177): CodeIgniter\View\View->render('item_list', [], true)
 4 APPPATH\Controllers\Home.php(111): view('item_list', [...])
 5 SYSTEMPATH\CodeIgniter.php(934): App\Controllers\Home->item_list()
 6 SYSTEMPATH\CodeIgniter.php(499): CodeIgniter\CodeIgniter->runController(Object(App\Controllers\Home))
 7 SYSTEMPATH\CodeIgniter.php(368): CodeIgniter\CodeIgniter->handleRequest(null, Object(Config\Cache), false)
 8 FCPATH\index.php(67): CodeIgniter\CodeIgniter->run()
CRITICAL - 2023-02-23 04:59:10 --> Cannot use object of type mysqli as array
in APPPATH\Views\item_list.php on line 222.
 1 SYSTEMPATH\View\View.php(213): include()
 2 SYSTEMPATH\View\View.php(216): CodeIgniter\View\View->CodeIgniter\View\{closure}()
 3 SYSTEMPATH\Common.php(1177): CodeIgniter\View\View->render('item_list', [], true)
 4 APPPATH\Controllers\Home.php(111): view('item_list', [...])
 5 SYSTEMPATH\CodeIgniter.php(934): App\Controllers\Home->item_list()
 6 SYSTEMPATH\CodeIgniter.php(499): CodeIgniter\CodeIgniter->runController(Object(App\Controllers\Home))
 7 SYSTEMPATH\CodeIgniter.php(368): CodeIgniter\CodeIgniter->handleRequest(null, Object(Config\Cache), false)
 8 FCPATH\index.php(67): CodeIgniter\CodeIgniter->run()
CRITICAL - 2023-02-23 04:59:12 --> Cannot use object of type mysqli as array
in APPPATH\Views\item_list.php on line 222.
 1 SYSTEMPATH\View\View.php(213): include()
 2 SYSTEMPATH\View\View.php(216): CodeIgniter\View\View->CodeIgniter\View\{closure}()
 3 SYSTEMPATH\Common.php(1177): CodeIgniter\View\View->render('item_list', [], true)
 4 APPPATH\Controllers\Home.php(111): view('item_list', [...])
 5 SYSTEMPATH\CodeIgniter.php(934): App\Controllers\Home->item_list()
 6 SYSTEMPATH\CodeIgniter.php(499): CodeIgniter\CodeIgniter->runController(Object(App\Controllers\Home))
 7 SYSTEMPATH\CodeIgniter.php(368): CodeIgniter\CodeIgniter->handleRequest(null, Object(Config\Cache), false)
 8 FCPATH\index.php(67): CodeIgniter\CodeIgniter->run()
CRITICAL - 2023-02-23 04:59:15 --> Cannot use object of type mysqli as array
in APPPATH\Views\item_list.php on line 222.
 1 SYSTEMPATH\View\View.php(213): include()
 2 SYSTEMPATH\View\View.php(216): CodeIgniter\View\View->CodeIgniter\View\{closure}()
 3 SYSTEMPATH\Common.php(1177): CodeIgniter\View\View->render('item_list', [], true)
 4 APPPATH\Controllers\Home.php(111): view('item_list', [...])
 5 SYSTEMPATH\CodeIgniter.php(934): App\Controllers\Home->item_list()
 6 SYSTEMPATH\CodeIgniter.php(499): CodeIgniter\CodeIgniter->runController(Object(App\Controllers\Home))
 7 SYSTEMPATH\CodeIgniter.php(368): CodeIgniter\CodeIgniter->handleRequest(null, Object(Config\Cache), false)
 8 FCPATH\index.php(67): CodeIgniter\CodeIgniter->run()
CRITICAL - 2023-02-23 04:59:17 --> Cannot use object of type mysqli as array
in APPPATH\Views\item_list.php on line 222.
 1 SYSTEMPATH\View\View.php(213): include()
 2 SYSTEMPATH\View\View.php(216): CodeIgniter\View\View->CodeIgniter\View\{closure}()
 3 SYSTEMPATH\Common.php(1177): CodeIgniter\View\View->render('item_list', [], true)
 4 APPPATH\Controllers\Home.php(111): view('item_list', [...])
 5 SYSTEMPATH\CodeIgniter.php(934): App\Controllers\Home->item_list()
 6 SYSTEMPATH\CodeIgniter.php(499): CodeIgniter\CodeIgniter->runController(Object(App\Controllers\Home))
 7 SYSTEMPATH\CodeIgniter.php(368): CodeIgniter\CodeIgniter->handleRequest(null, Object(Config\Cache), false)
 8 FCPATH\index.php(67): CodeIgniter\CodeIgniter->run()
CRITICAL - 2023-02-23 04:59:51 --> Cannot use object of type mysqli as array
in APPPATH\Views\item_list.php on line 222.
 1 SYSTEMPATH\View\View.php(213): include()
 2 SYSTEMPATH\View\View.php(216): CodeIgniter\View\View->CodeIgniter\View\{closure}()
 3 SYSTEMPATH\Common.php(1177): CodeIgniter\View\View->render('item_list', [], true)
 4 APPPATH\Controllers\Home.php(111): view('item_list', [...])
 5 SYSTEMPATH\CodeIgniter.php(934): App\Controllers\Home->item_list()
 6 SYSTEMPATH\CodeIgniter.php(499): CodeIgniter\CodeIgniter->runController(Object(App\Controllers\Home))
 7 SYSTEMPATH\CodeIgniter.php(368): CodeIgniter\CodeIgniter->handleRequest(null, Object(Config\Cache), false)
 8 FCPATH\index.php(67): CodeIgniter\CodeIgniter->run()
CRITICAL - 2023-02-23 04:59:58 --> Cannot use object of type mysqli as array
in APPPATH\Views\item_list.php on line 222.
 1 SYSTEMPATH\View\View.php(213): include()
 2 SYSTEMPATH\View\View.php(216): CodeIgniter\View\View->CodeIgniter\View\{closure}()
 3 SYSTEMPATH\Common.php(1177): CodeIgniter\View\View->render('item_list', [], true)
 4 APPPATH\Controllers\Home.php(111): view('item_list', [...])
 5 SYSTEMPATH\CodeIgniter.php(934): App\Controllers\Home->item_list()
 6 SYSTEMPATH\CodeIgniter.php(499): CodeIgniter\CodeIgniter->runController(Object(App\Controllers\Home))
 7 SYSTEMPATH\CodeIgniter.php(368): CodeIgniter\CodeIgniter->handleRequest(null, Object(Config\Cache), false)
 8 FCPATH\index.php(67): CodeIgniter\CodeIgniter->run()
CRITICAL - 2023-02-23 05:00:11 --> Cannot use object of type mysqli as array
in APPPATH\Views\item_list.php on line 222.
 1 SYSTEMPATH\View\View.php(213): include()
 2 SYSTEMPATH\View\View.php(216): CodeIgniter\View\View->CodeIgniter\View\{closure}()
 3 SYSTEMPATH\Common.php(1177): CodeIgniter\View\View->render('item_list', [], true)
 4 APPPATH\Controllers\Home.php(111): view('item_list', [...])
 5 SYSTEMPATH\CodeIgniter.php(934): App\Controllers\Home->item_list()
 6 SYSTEMPATH\CodeIgniter.php(499): CodeIgniter\CodeIgniter->runController(Object(App\Controllers\Home))
 7 SYSTEMPATH\CodeIgniter.php(368): CodeIgniter\CodeIgniter->handleRequest(null, Object(Config\Cache), false)
 8 FCPATH\index.php(67): CodeIgniter\CodeIgniter->run()
CRITICAL - 2023-02-23 05:00:14 --> Cannot use object of type mysqli as array
in APPPATH\Views\item_list.php on line 222.
 1 SYSTEMPATH\View\View.php(213): include()
 2 SYSTEMPATH\View\View.php(216): CodeIgniter\View\View->CodeIgniter\View\{closure}()
 3 SYSTEMPATH\Common.php(1177): CodeIgniter\View\View->render('item_list', [], true)
 4 APPPATH\Controllers\Home.php(111): view('item_list', [...])
 5 SYSTEMPATH\CodeIgniter.php(934): App\Controllers\Home->item_list()
 6 SYSTEMPATH\CodeIgniter.php(499): CodeIgniter\CodeIgniter->runController(Object(App\Controllers\Home))
 7 SYSTEMPATH\CodeIgniter.php(368): CodeIgniter\CodeIgniter->handleRequest(null, Object(Config\Cache), false)
 8 FCPATH\index.php(67): CodeIgniter\CodeIgniter->run()
CRITICAL - 2023-02-23 05:00:22 --> Cannot use object of type mysqli as array
in APPPATH\Views\item_list.php on line 222.
 1 SYSTEMPATH\View\View.php(213): include()
 2 SYSTEMPATH\View\View.php(216): CodeIgniter\View\View->CodeIgniter\View\{closure}()
 3 SYSTEMPATH\Common.php(1177): CodeIgniter\View\View->render('item_list', [], true)
 4 APPPATH\Controllers\Home.php(111): view('item_list', [...])
 5 SYSTEMPATH\CodeIgniter.php(934): App\Controllers\Home->item_list()
 6 SYSTEMPATH\CodeIgniter.php(499): CodeIgniter\CodeIgniter->runController(Object(App\Controllers\Home))
 7 SYSTEMPATH\CodeIgniter.php(368): CodeIgniter\CodeIgniter->handleRequest(null, Object(Config\Cache), false)
 8 FCPATH\index.php(67): CodeIgniter\CodeIgniter->run()
CRITICAL - 2023-02-23 05:00:24 --> Cannot use object of type mysqli as array
in APPPATH\Views\item_list.php on line 222.
 1 SYSTEMPATH\View\View.php(213): include()
 2 SYSTEMPATH\View\View.php(216): CodeIgniter\View\View->CodeIgniter\View\{closure}()
 3 SYSTEMPATH\Common.php(1177): CodeIgniter\View\View->render('item_list', [], true)
 4 APPPATH\Controllers\Home.php(111): view('item_list', [...])
 5 SYSTEMPATH\CodeIgniter.php(934): App\Controllers\Home->item_list()
 6 SYSTEMPATH\CodeIgniter.php(499): CodeIgniter\CodeIgniter->runController(Object(App\Controllers\Home))
 7 SYSTEMPATH\CodeIgniter.php(368): CodeIgniter\CodeIgniter->handleRequest(null, Object(Config\Cache), false)
 8 FCPATH\index.php(67): CodeIgniter\CodeIgniter->run()
CRITICAL - 2023-02-23 05:00:24 --> Cannot use object of type mysqli as array
in APPPATH\Views\item_list.php on line 222.
 1 SYSTEMPATH\View\View.php(213): include()
 2 SYSTEMPATH\View\View.php(216): CodeIgniter\View\View->CodeIgniter\View\{closure}()
 3 SYSTEMPATH\Common.php(1177): CodeIgniter\View\View->render('item_list', [], true)
 4 APPPATH\Controllers\Home.php(111): view('item_list', [...])
 5 SYSTEMPATH\CodeIgniter.php(934): App\Controllers\Home->item_list()
 6 SYSTEMPATH\CodeIgniter.php(499): CodeIgniter\CodeIgniter->runController(Object(App\Controllers\Home))
 7 SYSTEMPATH\CodeIgniter.php(368): CodeIgniter\CodeIgniter->handleRequest(null, Object(Config\Cache), false)
 8 FCPATH\index.php(67): CodeIgniter\CodeIgniter->run()
CRITICAL - 2023-02-23 05:00:54 --> Cannot use object of type mysqli as array
in APPPATH\Views\item_list.php on line 222.
 1 SYSTEMPATH\View\View.php(213): include()
 2 SYSTEMPATH\View\View.php(216): CodeIgniter\View\View->CodeIgniter\View\{closure}()
 3 SYSTEMPATH\Common.php(1177): CodeIgniter\View\View->render('item_list', [], true)
 4 APPPATH\Controllers\Home.php(111): view('item_list', [...])
 5 SYSTEMPATH\CodeIgniter.php(934): App\Controllers\Home->item_list()
 6 SYSTEMPATH\CodeIgniter.php(499): CodeIgniter\CodeIgniter->runController(Object(App\Controllers\Home))
 7 SYSTEMPATH\CodeIgniter.php(368): CodeIgniter\CodeIgniter->handleRequest(null, Object(Config\Cache), false)
 8 FCPATH\index.php(67): CodeIgniter\CodeIgniter->run()
CRITICAL - 2023-02-23 05:01:08 --> Call to undefined method App\Models\Ci_crud::getGet
in SYSTEMPATH\Model.php on line 841.
 1 APPPATH\Controllers\Home.php(100): CodeIgniter\Model->__call('getGet', [])
 2 SYSTEMPATH\CodeIgniter.php(934): App\Controllers\Home->item_list()
 3 SYSTEMPATH\CodeIgniter.php(499): CodeIgniter\CodeIgniter->runController(Object(App\Controllers\Home))
 4 SYSTEMPATH\CodeIgniter.php(368): CodeIgniter\CodeIgniter->handleRequest(null, Object(Config\Cache), false)
 5 FCPATH\index.php(67): CodeIgniter\CodeIgniter->run()
CRITICAL - 2023-02-23 05:01:26 --> Call to undefined method App\Models\Ci_crud::page_ad
in SYSTEMPATH\Model.php on line 841.
 1 APPPATH\Controllers\Home.php(100): CodeIgniter\Model->__call('page_ad', [])
 2 SYSTEMPATH\CodeIgniter.php(934): App\Controllers\Home->item_list()
 3 SYSTEMPATH\CodeIgniter.php(499): CodeIgniter\CodeIgniter->runController(Object(App\Controllers\Home))
 4 SYSTEMPATH\CodeIgniter.php(368): CodeIgniter\CodeIgniter->handleRequest(null, Object(Config\Cache), false)
 5 FCPATH\index.php(67): CodeIgniter\CodeIgniter->run()
CRITICAL - 2023-02-23 05:01:57 --> Call to undefined method App\Models\Ci_crud::getVar
in SYSTEMPATH\Model.php on line 841.
 1 APPPATH\Controllers\Home.php(100): CodeIgniter\Model->__call('getVar', [])
 2 SYSTEMPATH\CodeIgniter.php(934): App\Controllers\Home->item_list()
 3 SYSTEMPATH\CodeIgniter.php(499): CodeIgniter\CodeIgniter->runController(Object(App\Controllers\Home))
 4 SYSTEMPATH\CodeIgniter.php(368): CodeIgniter\CodeIgniter->handleRequest(null, Object(Config\Cache), false)
 5 FCPATH\index.php(67): CodeIgniter\CodeIgniter->run()
CRITICAL - 2023-02-23 05:02:41 --> Call to undefined method App\Models\Ci_crud::data
in SYSTEMPATH\Model.php on line 841.
 1 APPPATH\Controllers\Home.php(100): CodeIgniter\Model->__call('data', [])
 2 SYSTEMPATH\CodeIgniter.php(934): App\Controllers\Home->item_list()
 3 SYSTEMPATH\CodeIgniter.php(499): CodeIgniter\CodeIgniter->runController(Object(App\Controllers\Home))
 4 SYSTEMPATH\CodeIgniter.php(368): CodeIgniter\CodeIgniter->handleRequest(null, Object(Config\Cache), false)
 5 FCPATH\index.php(67): CodeIgniter\CodeIgniter->run()
CRITICAL - 2023-02-23 05:04:46 --> Cannot use object of type mysqli as array
in APPPATH\Views\item_list.php on line 222.
 1 SYSTEMPATH\View\View.php(213): include()
 2 SYSTEMPATH\View\View.php(216): CodeIgniter\View\View->CodeIgniter\View\{closure}()
 3 SYSTEMPATH\Common.php(1177): CodeIgniter\View\View->render('item_list', [], true)
 4 APPPATH\Controllers\Home.php(111): view('item_list', [...])
 5 SYSTEMPATH\CodeIgniter.php(934): App\Controllers\Home->item_list()
 6 SYSTEMPATH\CodeIgniter.php(499): CodeIgniter\CodeIgniter->runController(Object(App\Controllers\Home))
 7 SYSTEMPATH\CodeIgniter.php(368): CodeIgniter\CodeIgniter->handleRequest(null, Object(Config\Cache), false)
 8 FCPATH\index.php(67): CodeIgniter\CodeIgniter->run()
ERROR - 2023-02-23 05:12:20 --> mysqli_sql_exception: Table 'ci_crud.mytable' doesn't exist in G:\wamp\www\CI_CRUD\system\Database\MySQLi\Connection.php:295
Stack trace:
#0 G:\wamp\www\CI_CRUD\system\Database\MySQLi\Connection.php(295): mysqli->query('SELECT `product...', 0)
#1 G:\wamp\www\CI_CRUD\system\Database\BaseConnection.php(691): CodeIgniter\Database\MySQLi\Connection->execute('SELECT `product...')
#2 G:\wamp\www\CI_CRUD\system\Database\BaseConnection.php(605): CodeIgniter\Database\BaseConnection->simpleQuery('SELECT `product...')
#3 G:\wamp\www\CI_CRUD\system\Database\BaseBuilder.php(1602): CodeIgniter\Database\BaseConnection->query('SELECT `product...', Array, false)
#4 G:\wamp\www\CI_CRUD\system\Model.php(839): CodeIgniter\Database\BaseBuilder->get()
#5 G:\wamp\www\CI_CRUD\app\Controllers\Home.php(101): CodeIgniter\Model->__call('get', Array)
#6 G:\wamp\www\CI_CRUD\system\CodeIgniter.php(934): App\Controllers\Home->item_list()
#7 G:\wamp\www\CI_CRUD\system\CodeIgniter.php(499): CodeIgniter\CodeIgniter->runController(Object(App\Controllers\Home))
#8 G:\wamp\www\CI_CRUD\system\CodeIgniter.php(368): CodeIgniter\CodeIgniter->handleRequest(NULL, Object(Config\Cache), false)
#9 G:\wamp\www\CI_CRUD\index.php(67): CodeIgniter\CodeIgniter->run()
#10 {main}
CRITICAL - 2023-02-23 05:12:20 --> Table 'ci_crud.mytable' doesn't exist
in SYSTEMPATH\Database\BaseConnection.php on line 645.
 1 SYSTEMPATH\Database\BaseBuilder.php(1602): CodeIgniter\Database\BaseConnection->query('SELECT `product_name`, `mrp`, `discount`, `quantity`
FROM `products`, `mytable`', [], false)
 2 SYSTEMPATH\Model.php(839): CodeIgniter\Database\BaseBuilder->get()
 3 APPPATH\Controllers\Home.php(101): CodeIgniter\Model->__call('get', [])
 4 SYSTEMPATH\CodeIgniter.php(934): App\Controllers\Home->item_list()
 5 SYSTEMPATH\CodeIgniter.php(499): CodeIgniter\CodeIgniter->runController(Object(App\Controllers\Home))
 6 SYSTEMPATH\CodeIgniter.php(368): CodeIgniter\CodeIgniter->handleRequest(null, Object(Config\Cache), false)
 7 FCPATH\index.php(67): CodeIgniter\CodeIgniter->run()
ERROR - 2023-02-23 05:12:31 --> mysqli_sql_exception: Table 'ci_crud.mytable' doesn't exist in G:\wamp\www\CI_CRUD\system\Database\MySQLi\Connection.php:295
Stack trace:
#0 G:\wamp\www\CI_CRUD\system\Database\MySQLi\Connection.php(295): mysqli->query('SELECT `product...', 0)
#1 G:\wamp\www\CI_CRUD\system\Database\BaseConnection.php(691): CodeIgniter\Database\MySQLi\Connection->execute('SELECT `product...')
#2 G:\wamp\www\CI_CRUD\system\Database\BaseConnection.php(605): CodeIgniter\Database\BaseConnection->simpleQuery('SELECT `product...')
#3 G:\wamp\www\CI_CRUD\system\Database\BaseBuilder.php(1602): CodeIgniter\Database\BaseConnection->query('SELECT `product...', Array, false)
#4 G:\wamp\www\CI_CRUD\system\Model.php(240): CodeIgniter\Database\BaseBuilder->get()
#5 G:\wamp\www\CI_CRUD\system\BaseModel.php(618): CodeIgniter\Model->doFindAll(0, 0)
#6 G:\wamp\www\CI_CRUD\app\Controllers\Home.php(101): CodeIgniter\BaseModel->findAll()
#7 G:\wamp\www\CI_CRUD\system\CodeIgniter.php(934): App\Controllers\Home->item_list()
#8 G:\wamp\www\CI_CRUD\system\CodeIgniter.php(499): CodeIgniter\CodeIgniter->runController(Object(App\Controllers\Home))
#9 G:\wamp\www\CI_CRUD\system\CodeIgniter.php(368): CodeIgniter\CodeIgniter->handleRequest(NULL, Object(Config\Cache), false)
#10 G:\wamp\www\CI_CRUD\index.php(67): CodeIgniter\CodeIgniter->run()
#11 {main}
CRITICAL - 2023-02-23 05:12:31 --> Table 'ci_crud.mytable' doesn't exist
in SYSTEMPATH\Database\BaseConnection.php on line 645.
 1 SYSTEMPATH\Database\BaseBuilder.php(1602): CodeIgniter\Database\BaseConnection->query('SELECT `product_name`, `mrp`, `discount`, `quantity`
FROM `products`, `mytable`', [], false)
 2 SYSTEMPATH\Model.php(240): CodeIgniter\Database\BaseBuilder->get()
 3 SYSTEMPATH\BaseModel.php(618): CodeIgniter\Model->doFindAll(0, 0)
 4 APPPATH\Controllers\Home.php(101): CodeIgniter\BaseModel->findAll()
 5 SYSTEMPATH\CodeIgniter.php(934): App\Controllers\Home->item_list()
 6 SYSTEMPATH\CodeIgniter.php(499): CodeIgniter\CodeIgniter->runController(Object(App\Controllers\Home))
 7 SYSTEMPATH\CodeIgniter.php(368): CodeIgniter\CodeIgniter->handleRequest(null, Object(Config\Cache), false)
 8 FCPATH\index.php(67): CodeIgniter\CodeIgniter->run()
ERROR - 2023-02-23 05:12:33 --> mysqli_sql_exception: Table 'ci_crud.mytable' doesn't exist in G:\wamp\www\CI_CRUD\system\Database\MySQLi\Connection.php:295
Stack trace:
#0 G:\wamp\www\CI_CRUD\system\Database\MySQLi\Connection.php(295): mysqli->query('SELECT `product...', 0)
#1 G:\wamp\www\CI_CRUD\system\Database\BaseConnection.php(691): CodeIgniter\Database\MySQLi\Connection->execute('SELECT `product...')
#2 G:\wamp\www\CI_CRUD\system\Database\BaseConnection.php(605): CodeIgniter\Database\BaseConnection->simpleQuery('SELECT `product...')
#3 G:\wamp\www\CI_CRUD\system\Database\BaseBuilder.php(1602): CodeIgniter\Database\BaseConnection->query('SELECT `product...', Array, false)
#4 G:\wamp\www\CI_CRUD\system\Model.php(240): CodeIgniter\Database\BaseBuilder->get()
#5 G:\wamp\www\CI_CRUD\system\BaseModel.php(618): CodeIgniter\Model->doFindAll(0, 0)
#6 G:\wamp\www\CI_CRUD\app\Controllers\Home.php(101): CodeIgniter\BaseModel->findAll()
#7 G:\wamp\www\CI_CRUD\system\CodeIgniter.php(934): App\Controllers\Home->item_list()
#8 G:\wamp\www\CI_CRUD\system\CodeIgniter.php(499): CodeIgniter\CodeIgniter->runController(Object(App\Controllers\Home))
#9 G:\wamp\www\CI_CRUD\system\CodeIgniter.php(368): CodeIgniter\CodeIgniter->handleRequest(NULL, Object(Config\Cache), false)
#10 G:\wamp\www\CI_CRUD\index.php(67): CodeIgniter\CodeIgniter->run()
#11 {main}
CRITICAL - 2023-02-23 05:12:33 --> Table 'ci_crud.mytable' doesn't exist
in SYSTEMPATH\Database\BaseConnection.php on line 645.
 1 SYSTEMPATH\Database\BaseBuilder.php(1602): CodeIgniter\Database\BaseConnection->query('SELECT `product_name`, `mrp`, `discount`, `quantity`
FROM `products`, `mytable`', [], false)
 2 SYSTEMPATH\Model.php(240): CodeIgniter\Database\BaseBuilder->get()
 3 SYSTEMPATH\BaseModel.php(618): CodeIgniter\Model->doFindAll(0, 0)
 4 APPPATH\Controllers\Home.php(101): CodeIgniter\BaseModel->findAll()
 5 SYSTEMPATH\CodeIgniter.php(934): App\Controllers\Home->item_list()
 6 SYSTEMPATH\CodeIgniter.php(499): CodeIgniter\CodeIgniter->runController(Object(App\Controllers\Home))
 7 SYSTEMPATH\CodeIgniter.php(368): CodeIgniter\CodeIgniter->handleRequest(null, Object(Config\Cache), false)
 8 FCPATH\index.php(67): CodeIgniter\CodeIgniter->run()
ERROR - 2023-02-23 05:15:09 --> mysqli_sql_exception: Table 'ci_crud.mytable' doesn't exist in G:\wamp\www\CI_CRUD\system\Database\MySQLi\Connection.php:295
Stack trace:
#0 G:\wamp\www\CI_CRUD\system\Database\MySQLi\Connection.php(295): mysqli->query('SELECT `product...', 0)
#1 G:\wamp\www\CI_CRUD\system\Database\BaseConnection.php(691): CodeIgniter\Database\MySQLi\Connection->execute('SELECT `product...')
#2 G:\wamp\www\CI_CRUD\system\Database\BaseConnection.php(605): CodeIgniter\Database\BaseConnection->simpleQuery('SELECT `product...')
#3 G:\wamp\www\CI_CRUD\system\Database\BaseBuilder.php(1602): CodeIgniter\Database\BaseConnection->query('SELECT `product...', Array, false)
#4 G:\wamp\www\CI_CRUD\system\Model.php(240): CodeIgniter\Database\BaseBuilder->get()
#5 G:\wamp\www\CI_CRUD\system\BaseModel.php(618): CodeIgniter\Model->doFindAll(0, 0)
#6 G:\wamp\www\CI_CRUD\app\Controllers\Home.php(100): CodeIgniter\BaseModel->findAll()
#7 G:\wamp\www\CI_CRUD\system\CodeIgniter.php(934): App\Controllers\Home->item_list()
#8 G:\wamp\www\CI_CRUD\system\CodeIgniter.php(499): CodeIgniter\CodeIgniter->runController(Object(App\Controllers\Home))
#9 G:\wamp\www\CI_CRUD\system\CodeIgniter.php(368): CodeIgniter\CodeIgniter->handleRequest(NULL, Object(Config\Cache), false)
#10 G:\wamp\www\CI_CRUD\index.php(67): CodeIgniter\CodeIgniter->run()
#11 {main}
CRITICAL - 2023-02-23 05:15:09 --> Table 'ci_crud.mytable' doesn't exist
in SYSTEMPATH\Database\BaseConnection.php on line 645.
 1 SYSTEMPATH\Database\BaseBuilder.php(1602): CodeIgniter\Database\BaseConnection->query('SELECT `product_name`, `mrp`, `discount`, `quantity`
FROM `products`, `mytable`', [], false)
 2 SYSTEMPATH\Model.php(240): CodeIgniter\Database\BaseBuilder->get()
 3 SYSTEMPATH\BaseModel.php(618): CodeIgniter\Model->doFindAll(0, 0)
 4 APPPATH\Controllers\Home.php(100): CodeIgniter\BaseModel->findAll()
 5 SYSTEMPATH\CodeIgniter.php(934): App\Controllers\Home->item_list()
 6 SYSTEMPATH\CodeIgniter.php(499): CodeIgniter\CodeIgniter->runController(Object(App\Controllers\Home))
 7 SYSTEMPATH\CodeIgniter.php(368): CodeIgniter\CodeIgniter->handleRequest(null, Object(Config\Cache), false)
 8 FCPATH\index.php(67): CodeIgniter\CodeIgniter->run()
ERROR - 2023-02-23 05:15:18 --> mysqli_sql_exception: Table 'ci_crud.mytable' doesn't exist in G:\wamp\www\CI_CRUD\system\Database\MySQLi\Connection.php:295
Stack trace:
#0 G:\wamp\www\CI_CRUD\system\Database\MySQLi\Connection.php(295): mysqli->query('SELECT `product...', 0)
#1 G:\wamp\www\CI_CRUD\system\Database\BaseConnection.php(691): CodeIgniter\Database\MySQLi\Connection->execute('SELECT `product...')
#2 G:\wamp\www\CI_CRUD\system\Database\BaseConnection.php(605): CodeIgniter\Database\BaseConnection->simpleQuery('SELECT `product...')
#3 G:\wamp\www\CI_CRUD\system\Database\BaseBuilder.php(1602): CodeIgniter\Database\BaseConnection->query('SELECT `product...', Array, false)
#4 G:\wamp\www\CI_CRUD\system\Model.php(839): CodeIgniter\Database\BaseBuilder->get()
#5 G:\wamp\www\CI_CRUD\app\Controllers\Home.php(100): CodeIgniter\Model->__call('get', Array)
#6 G:\wamp\www\CI_CRUD\system\CodeIgniter.php(934): App\Controllers\Home->item_list()
#7 G:\wamp\www\CI_CRUD\system\CodeIgniter.php(499): CodeIgniter\CodeIgniter->runController(Object(App\Controllers\Home))
#8 G:\wamp\www\CI_CRUD\system\CodeIgniter.php(368): CodeIgniter\CodeIgniter->handleRequest(NULL, Object(Config\Cache), false)
#9 G:\wamp\www\CI_CRUD\index.php(67): CodeIgniter\CodeIgniter->run()
#10 {main}
CRITICAL - 2023-02-23 05:15:18 --> Table 'ci_crud.mytable' doesn't exist
in SYSTEMPATH\Database\BaseConnection.php on line 645.
 1 SYSTEMPATH\Database\BaseBuilder.php(1602): CodeIgniter\Database\BaseConnection->query('SELECT `product_name`, `mrp`, `discount`, `quantity`
FROM `products`, `mytable`', [], false)
 2 SYSTEMPATH\Model.php(839): CodeIgniter\Database\BaseBuilder->get()
 3 APPPATH\Controllers\Home.php(100): CodeIgniter\Model->__call('get', [])
 4 SYSTEMPATH\CodeIgniter.php(934): App\Controllers\Home->item_list()
 5 SYSTEMPATH\CodeIgniter.php(499): CodeIgniter\CodeIgniter->runController(Object(App\Controllers\Home))
 6 SYSTEMPATH\CodeIgniter.php(368): CodeIgniter\CodeIgniter->handleRequest(null, Object(Config\Cache), false)
 7 FCPATH\index.php(67): CodeIgniter\CodeIgniter->run()
ERROR - 2023-02-23 05:16:34 --> mysqli_sql_exception: Table 'ci_crud.mytable' doesn't exist in G:\wamp\www\CI_CRUD\system\Database\MySQLi\Connection.php:295
Stack trace:
#0 G:\wamp\www\CI_CRUD\system\Database\MySQLi\Connection.php(295): mysqli->query('SELECT `product...', 0)
#1 G:\wamp\www\CI_CRUD\system\Database\BaseConnection.php(691): CodeIgniter\Database\MySQLi\Connection->execute('SELECT `product...')
#2 G:\wamp\www\CI_CRUD\system\Database\BaseConnection.php(605): CodeIgniter\Database\BaseConnection->simpleQuery('SELECT `product...')
#3 G:\wamp\www\CI_CRUD\system\Database\BaseBuilder.php(1602): CodeIgniter\Database\BaseConnection->query('SELECT `product...', Array, false)
#4 G:\wamp\www\CI_CRUD\system\Model.php(839): CodeIgniter\Database\BaseBuilder->get()
#5 G:\wamp\www\CI_CRUD\app\Controllers\Home.php(99): CodeIgniter\Model->__call('get', Array)
#6 G:\wamp\www\CI_CRUD\system\CodeIgniter.php(934): App\Controllers\Home->item_list()
#7 G:\wamp\www\CI_CRUD\system\CodeIgniter.php(499): CodeIgniter\CodeIgniter->runController(Object(App\Controllers\Home))
#8 G:\wamp\www\CI_CRUD\system\CodeIgniter.php(368): CodeIgniter\CodeIgniter->handleRequest(NULL, Object(Config\Cache), false)
#9 G:\wamp\www\CI_CRUD\index.php(67): CodeIgniter\CodeIgniter->run()
#10 {main}
CRITICAL - 2023-02-23 05:16:34 --> Table 'ci_crud.mytable' doesn't exist
in SYSTEMPATH\Database\BaseConnection.php on line 645.
 1 SYSTEMPATH\Database\BaseBuilder.php(1602): CodeIgniter\Database\BaseConnection->query('SELECT `product_name`, `mrp`, `discount`, `quantity`
FROM `products`, `mytable`', [], false)
 2 SYSTEMPATH\Model.php(839): CodeIgniter\Database\BaseBuilder->get()
 3 APPPATH\Controllers\Home.php(99): CodeIgniter\Model->__call('get', [])
 4 SYSTEMPATH\CodeIgniter.php(934): App\Controllers\Home->item_list()
 5 SYSTEMPATH\CodeIgniter.php(499): CodeIgniter\CodeIgniter->runController(Object(App\Controllers\Home))
 6 SYSTEMPATH\CodeIgniter.php(368): CodeIgniter\CodeIgniter->handleRequest(null, Object(Config\Cache), false)
 7 FCPATH\index.php(67): CodeIgniter\CodeIgniter->run()
ERROR - 2023-02-23 05:21:35 --> mysqli_sql_exception: Table 'ci_crud.mytable' doesn't exist in G:\wamp\www\CI_CRUD\system\Database\MySQLi\Connection.php:295
Stack trace:
#0 G:\wamp\www\CI_CRUD\system\Database\MySQLi\Connection.php(295): mysqli->query('SELECT `product...', 0)
#1 G:\wamp\www\CI_CRUD\system\Database\BaseConnection.php(691): CodeIgniter\Database\MySQLi\Connection->execute('SELECT `product...')
#2 G:\wamp\www\CI_CRUD\system\Database\BaseConnection.php(605): CodeIgniter\Database\BaseConnection->simpleQuery('SELECT `product...')
#3 G:\wamp\www\CI_CRUD\system\Database\BaseBuilder.php(1602): CodeIgniter\Database\BaseConnection->query('SELECT `product...', Array, false)
#4 G:\wamp\www\CI_CRUD\system\Model.php(839): CodeIgniter\Database\BaseBuilder->get()
#5 G:\wamp\www\CI_CRUD\app\Controllers\Home.php(99): CodeIgniter\Model->__call('get', Array)
#6 G:\wamp\www\CI_CRUD\system\CodeIgniter.php(934): App\Controllers\Home->item_list()
#7 G:\wamp\www\CI_CRUD\system\CodeIgniter.php(499): CodeIgniter\CodeIgniter->runController(Object(App\Controllers\Home))
#8 G:\wamp\www\CI_CRUD\system\CodeIgniter.php(368): CodeIgniter\CodeIgniter->handleRequest(NULL, Object(Config\Cache), false)
#9 G:\wamp\www\CI_CRUD\index.php(67): CodeIgniter\CodeIgniter->run()
#10 {main}
CRITICAL - 2023-02-23 05:21:35 --> Table 'ci_crud.mytable' doesn't exist
in SYSTEMPATH\Database\BaseConnection.php on line 645.
 1 SYSTEMPATH\Database\BaseBuilder.php(1602): CodeIgniter\Database\BaseConnection->query('SELECT `product_name`, `mrp`, `discount`, `quantity`
FROM `products`, `mytable`', [], false)
 2 SYSTEMPATH\Model.php(839): CodeIgniter\Database\BaseBuilder->get()
 3 APPPATH\Controllers\Home.php(99): CodeIgniter\Model->__call('get', [])
 4 SYSTEMPATH\CodeIgniter.php(934): App\Controllers\Home->item_list()
 5 SYSTEMPATH\CodeIgniter.php(499): CodeIgniter\CodeIgniter->runController(Object(App\Controllers\Home))
 6 SYSTEMPATH\CodeIgniter.php(368): CodeIgniter\CodeIgniter->handleRequest(null, Object(Config\Cache), false)
 7 FCPATH\index.php(67): CodeIgniter\CodeIgniter->run()
ERROR - 2023-02-23 05:22:49 --> mysqli_sql_exception: Not unique table/alias: 'products' in G:\wamp\www\CI_CRUD\system\Database\MySQLi\Connection.php:295
Stack trace:
#0 G:\wamp\www\CI_CRUD\system\Database\MySQLi\Connection.php(295): mysqli->query('SELECT `product...', 0)
#1 G:\wamp\www\CI_CRUD\system\Database\BaseConnection.php(691): CodeIgniter\Database\MySQLi\Connection->execute('SELECT `product...')
#2 G:\wamp\www\CI_CRUD\system\Database\BaseConnection.php(605): CodeIgniter\Database\BaseConnection->simpleQuery('SELECT `product...')
#3 G:\wamp\www\CI_CRUD\system\Database\BaseBuilder.php(1602): CodeIgniter\Database\BaseConnection->query('SELECT `product...', Array, false)
#4 G:\wamp\www\CI_CRUD\system\Model.php(839): CodeIgniter\Database\BaseBuilder->get()
#5 G:\wamp\www\CI_CRUD\app\Controllers\Home.php(99): CodeIgniter\Model->__call('get', Array)
#6 G:\wamp\www\CI_CRUD\system\CodeIgniter.php(934): App\Controllers\Home->item_list()
#7 G:\wamp\www\CI_CRUD\system\CodeIgniter.php(499): CodeIgniter\CodeIgniter->runController(Object(App\Controllers\Home))
#8 G:\wamp\www\CI_CRUD\system\CodeIgniter.php(368): CodeIgniter\CodeIgniter->handleRequest(NULL, Object(Config\Cache), false)
#9 G:\wamp\www\CI_CRUD\index.php(67): CodeIgniter\CodeIgniter->run()
#10 {main}
CRITICAL - 2023-02-23 05:22:49 --> Not unique table/alias: 'products'
in SYSTEMPATH\Database\BaseConnection.php on line 645.
 1 SYSTEMPATH\Database\BaseBuilder.php(1602): CodeIgniter\Database\BaseConnection->query('SELECT `product_name`, `mrp`, `discount`, `quantity`
FROM `products`, `products`', [], false)
 2 SYSTEMPATH\Model.php(839): CodeIgniter\Database\BaseBuilder->get()
 3 APPPATH\Controllers\Home.php(99): CodeIgniter\Model->__call('get', [])
 4 SYSTEMPATH\CodeIgniter.php(934): App\Controllers\Home->item_list()
 5 SYSTEMPATH\CodeIgniter.php(499): CodeIgniter\CodeIgniter->runController(Object(App\Controllers\Home))
 6 SYSTEMPATH\CodeIgniter.php(368): CodeIgniter\CodeIgniter->handleRequest(null, Object(Config\Cache), false)
 7 FCPATH\index.php(67): CodeIgniter\CodeIgniter->run()
ERROR - 2023-02-23 05:22:59 --> mysqli_sql_exception: Not unique table/alias: 'products' in G:\wamp\www\CI_CRUD\system\Database\MySQLi\Connection.php:295
Stack trace:
#0 G:\wamp\www\CI_CRUD\system\Database\MySQLi\Connection.php(295): mysqli->query('SELECT `product...', 0)
#1 G:\wamp\www\CI_CRUD\system\Database\BaseConnection.php(691): CodeIgniter\Database\MySQLi\Connection->execute('SELECT `product...')
#2 G:\wamp\www\CI_CRUD\system\Database\BaseConnection.php(605): CodeIgniter\Database\BaseConnection->simpleQuery('SELECT `product...')
#3 G:\wamp\www\CI_CRUD\system\Database\BaseBuilder.php(1602): CodeIgniter\Database\BaseConnection->query('SELECT `product...', Array, false)
#4 G:\wamp\www\CI_CRUD\system\Model.php(839): CodeIgniter\Database\BaseBuilder->get()
#5 G:\wamp\www\CI_CRUD\app\Controllers\Home.php(99): CodeIgniter\Model->__call('get', Array)
#6 G:\wamp\www\CI_CRUD\system\CodeIgniter.php(934): App\Controllers\Home->item_list()
#7 G:\wamp\www\CI_CRUD\system\CodeIgniter.php(499): CodeIgniter\CodeIgniter->runController(Object(App\Controllers\Home))
#8 G:\wamp\www\CI_CRUD\system\CodeIgniter.php(368): CodeIgniter\CodeIgniter->handleRequest(NULL, Object(Config\Cache), false)
#9 G:\wamp\www\CI_CRUD\index.php(67): CodeIgniter\CodeIgniter->run()
#10 {main}
CRITICAL - 2023-02-23 05:22:59 --> Not unique table/alias: 'products'
in SYSTEMPATH\Database\BaseConnection.php on line 645.
 1 SYSTEMPATH\Database\BaseBuilder.php(1602): CodeIgniter\Database\BaseConnection->query('SELECT `product_name`, `mrp`, `discount`, `quantity`
FROM `products`, `products`', [], false)
 2 SYSTEMPATH\Model.php(839): CodeIgniter\Database\BaseBuilder->get()
 3 APPPATH\Controllers\Home.php(99): CodeIgniter\Model->__call('get', [])
 4 SYSTEMPATH\CodeIgniter.php(934): App\Controllers\Home->item_list()
 5 SYSTEMPATH\CodeIgniter.php(499): CodeIgniter\CodeIgniter->runController(Object(App\Controllers\Home))
 6 SYSTEMPATH\CodeIgniter.php(368): CodeIgniter\CodeIgniter->handleRequest(null, Object(Config\Cache), false)
 7 FCPATH\index.php(67): CodeIgniter\CodeIgniter->run()
CRITICAL - 2023-02-23 05:43:35 --> Call to undefined method App\Models\Ci_crud::login_valid
in SYSTEMPATH\Model.php on line 841.
 1 APPPATH\Controllers\Home.php(45): CodeIgniter\Model->__call('login_valid', [...])
 2 SYSTEMPATH\CodeIgniter.php(934): App\Controllers\Home->login()
 3 SYSTEMPATH\CodeIgniter.php(499): CodeIgniter\CodeIgniter->runController(Object(App\Controllers\Home))
 4 SYSTEMPATH\CodeIgniter.php(368): CodeIgniter\CodeIgniter->handleRequest(null, Object(Config\Cache), false)
 5 FCPATH\index.php(67): CodeIgniter\CodeIgniter->run()
CRITICAL - 2023-02-23 05:43:45 --> The action you requested is not allowed.
in SYSTEMPATH\Security\Security.php on line 306.
 1 SYSTEMPATH\Security\Security.php(306): CodeIgniter\Security\Exceptions\SecurityException::forDisallowedAction()
 2 SYSTEMPATH\Filters\CSRF.php(55): CodeIgniter\Security\Security->verify(Object(CodeIgniter\HTTP\IncomingRequest))
 3 SYSTEMPATH\Filters\Filters.php(173): CodeIgniter\Filters\CSRF->before(Object(CodeIgniter\HTTP\IncomingRequest), null)
 4 SYSTEMPATH\CodeIgniter.php(473): CodeIgniter\Filters\Filters->run('/login', 'before')
 5 SYSTEMPATH\CodeIgniter.php(368): CodeIgniter\CodeIgniter->handleRequest(null, Object(Config\Cache), false)
 6 FCPATH\index.php(67): CodeIgniter\CodeIgniter->run()
CRITICAL - 2023-02-23 05:44:29 --> Call to undefined method App\Models\Ci_crud::login_valid
in SYSTEMPATH\Model.php on line 841.
 1 APPPATH\Controllers\Home.php(45): CodeIgniter\Model->__call('login_valid', [...])
 2 SYSTEMPATH\CodeIgniter.php(934): App\Controllers\Home->login()
 3 SYSTEMPATH\CodeIgniter.php(499): CodeIgniter\CodeIgniter->runController(Object(App\Controllers\Home))
 4 SYSTEMPATH\CodeIgniter.php(368): CodeIgniter\CodeIgniter->handleRequest(null, Object(Config\Cache), false)
 5 FCPATH\index.php(67): CodeIgniter\CodeIgniter->run()
ERROR - 2023-02-23 06:01:47 --> mysqli_sql_exception: Not unique table/alias: 'products' in G:\wamp\www\CI_CRUD\system\Database\MySQLi\Connection.php:295
Stack trace:
#0 G:\wamp\www\CI_CRUD\system\Database\MySQLi\Connection.php(295): mysqli->query('SELECT `product...', 0)
#1 G:\wamp\www\CI_CRUD\system\Database\BaseConnection.php(691): CodeIgniter\Database\MySQLi\Connection->execute('SELECT `product...')
#2 G:\wamp\www\CI_CRUD\system\Database\BaseConnection.php(605): CodeIgniter\Database\BaseConnection->simpleQuery('SELECT `product...')
#3 G:\wamp\www\CI_CRUD\system\Database\BaseBuilder.php(1602): CodeIgniter\Database\BaseConnection->query('SELECT `product...', Array, false)
#4 G:\wamp\www\CI_CRUD\system\Model.php(240): CodeIgniter\Database\BaseBuilder->get()
#5 G:\wamp\www\CI_CRUD\system\BaseModel.php(618): CodeIgniter\Model->doFindAll(0, 0)
#6 G:\wamp\www\CI_CRUD\app\Controllers\Home.php(78): CodeIgniter\BaseModel->findAll()
#7 G:\wamp\www\CI_CRUD\system\CodeIgniter.php(934): App\Controllers\Home->item_list()
#8 G:\wamp\www\CI_CRUD\system\CodeIgniter.php(499): CodeIgniter\CodeIgniter->runController(Object(App\Controllers\Home))
#9 G:\wamp\www\CI_CRUD\system\CodeIgniter.php(368): CodeIgniter\CodeIgniter->handleRequest(NULL, Object(Config\Cache), false)
#10 G:\wamp\www\CI_CRUD\index.php(67): CodeIgniter\CodeIgniter->run()
#11 {main}
CRITICAL - 2023-02-23 06:01:48 --> Not unique table/alias: 'products'
in SYSTEMPATH\Database\BaseConnection.php on line 645.
 1 SYSTEMPATH\Database\BaseBuilder.php(1602): CodeIgniter\Database\BaseConnection->query('SELECT `product_name`, `mrp`, `discount`, `quantity`
FROM `products`, `products`', [], false)
 2 SYSTEMPATH\Model.php(240): CodeIgniter\Database\BaseBuilder->get()
 3 SYSTEMPATH\BaseModel.php(618): CodeIgniter\Model->doFindAll(0, 0)
 4 APPPATH\Controllers\Home.php(78): CodeIgniter\BaseModel->findAll()
 5 SYSTEMPATH\CodeIgniter.php(934): App\Controllers\Home->item_list()
 6 SYSTEMPATH\CodeIgniter.php(499): CodeIgniter\CodeIgniter->runController(Object(App\Controllers\Home))
 7 SYSTEMPATH\CodeIgniter.php(368): CodeIgniter\CodeIgniter->handleRequest(null, Object(Config\Cache), false)
 8 FCPATH\index.php(67): CodeIgniter\CodeIgniter->run()
ERROR - 2023-02-23 06:02:01 --> mysqli_sql_exception: Not unique table/alias: 'products' in G:\wamp\www\CI_CRUD\system\Database\MySQLi\Connection.php:295
Stack trace:
#0 G:\wamp\www\CI_CRUD\system\Database\MySQLi\Connection.php(295): mysqli->query('SELECT `product...', 0)
#1 G:\wamp\www\CI_CRUD\system\Database\BaseConnection.php(691): CodeIgniter\Database\MySQLi\Connection->execute('SELECT `product...')
#2 G:\wamp\www\CI_CRUD\system\Database\BaseConnection.php(605): CodeIgniter\Database\BaseConnection->simpleQuery('SELECT `product...')
#3 G:\wamp\www\CI_CRUD\system\Database\BaseBuilder.php(1602): CodeIgniter\Database\BaseConnection->query('SELECT `product...', Array, false)
#4 G:\wamp\www\CI_CRUD\system\Model.php(839): CodeIgniter\Database\BaseBuilder->get()
#5 G:\wamp\www\CI_CRUD\app\Controllers\Home.php(78): CodeIgniter\Model->__call('get', Array)
#6 G:\wamp\www\CI_CRUD\system\CodeIgniter.php(934): App\Controllers\Home->item_list()
#7 G:\wamp\www\CI_CRUD\system\CodeIgniter.php(499): CodeIgniter\CodeIgniter->runController(Object(App\Controllers\Home))
#8 G:\wamp\www\CI_CRUD\system\CodeIgniter.php(368): CodeIgniter\CodeIgniter->handleRequest(NULL, Object(Config\Cache), false)
#9 G:\wamp\www\CI_CRUD\index.php(67): CodeIgniter\CodeIgniter->run()
#10 {main}
CRITICAL - 2023-02-23 06:02:01 --> Not unique table/alias: 'products'
in SYSTEMPATH\Database\BaseConnection.php on line 645.
 1 SYSTEMPATH\Database\BaseBuilder.php(1602): CodeIgniter\Database\BaseConnection->query('SELECT `product_name`, `mrp`, `discount`, `quantity`
FROM `products`, `products`', [], false)
 2 SYSTEMPATH\Model.php(839): CodeIgniter\Database\BaseBuilder->get()
 3 APPPATH\Controllers\Home.php(78): CodeIgniter\Model->__call('get', [])
 4 SYSTEMPATH\CodeIgniter.php(934): App\Controllers\Home->item_list()
 5 SYSTEMPATH\CodeIgniter.php(499): CodeIgniter\CodeIgniter->runController(Object(App\Controllers\Home))
 6 SYSTEMPATH\CodeIgniter.php(368): CodeIgniter\CodeIgniter->handleRequest(null, Object(Config\Cache), false)
 7 FCPATH\index.php(67): CodeIgniter\CodeIgniter->run()
CRITICAL - 2023-02-23 06:03:12 --> Call to undefined method App\Models\Ci_crud::login_valid
in SYSTEMPATH\Model.php on line 841.
 1 APPPATH\Controllers\Home.php(45): CodeIgniter\Model->__call('login_valid', [...])
 2 SYSTEMPATH\CodeIgniter.php(934): App\Controllers\Home->login()
 3 SYSTEMPATH\CodeIgniter.php(499): CodeIgniter\CodeIgniter->runController(Object(App\Controllers\Home))
 4 SYSTEMPATH\CodeIgniter.php(368): CodeIgniter\CodeIgniter->handleRequest(null, Object(Config\Cache), false)
 5 FCPATH\index.php(67): CodeIgniter\CodeIgniter->run()
CRITICAL - 2023-02-23 06:12:32 --> Call to undefined method App\Models\Ci_crud::login_valid
in SYSTEMPATH\Model.php on line 841.
 1 APPPATH\Controllers\Home.php(45): CodeIgniter\Model->__call('login_valid', [...])
 2 SYSTEMPATH\CodeIgniter.php(934): App\Controllers\Home->login()
 3 SYSTEMPATH\CodeIgniter.php(499): CodeIgniter\CodeIgniter->runController(Object(App\Controllers\Home))
 4 SYSTEMPATH\CodeIgniter.php(368): CodeIgniter\CodeIgniter->handleRequest(null, Object(Config\Cache), false)
 5 FCPATH\index.php(67): CodeIgniter\CodeIgniter->run()
CRITICAL - 2023-02-23 06:20:51 --> Call to undefined method App\Models\Ci_crud::login_valid
in SYSTEMPATH\Model.php on line 841.
 1 APPPATH\Controllers\Home.php(45): CodeIgniter\Model->__call('login_valid', [...])
 2 SYSTEMPATH\CodeIgniter.php(934): App\Controllers\Home->login()
 3 SYSTEMPATH\CodeIgniter.php(499): CodeIgniter\CodeIgniter->runController(Object(App\Controllers\Home))
 4 SYSTEMPATH\CodeIgniter.php(368): CodeIgniter\CodeIgniter->handleRequest(null, Object(Config\Cache), false)
 5 FCPATH\index.php(67): CodeIgniter\CodeIgniter->run()
CRITICAL - 2023-02-23 06:21:41 --> Call to undefined method App\Models\Ci_crud::login_valid
in SYSTEMPATH\Model.php on line 841.
 1 APPPATH\Controllers\Home.php(45): CodeIgniter\Model->__call('login_valid', [...])
 2 SYSTEMPATH\CodeIgniter.php(934): App\Controllers\Home->login()
 3 SYSTEMPATH\CodeIgniter.php(499): CodeIgniter\CodeIgniter->runController(Object(App\Controllers\Home))
 4 SYSTEMPATH\CodeIgniter.php(368): CodeIgniter\CodeIgniter->handleRequest(null, Object(Config\Cache), false)
 5 FCPATH\index.php(67): CodeIgniter\CodeIgniter->run()
CRITICAL - 2023-02-23 07:01:54 --> Cannot use object of type mysqli as array
in APPPATH\Views\item_list.php on line 222.
 1 SYSTEMPATH\View\View.php(213): include()
 2 SYSTEMPATH\View\View.php(216): CodeIgniter\View\View->CodeIgniter\View\{closure}()
 3 SYSTEMPATH\Common.php(1177): CodeIgniter\View\View->render('item_list', [], true)
 4 APPPATH\Controllers\Home.php(80): view('item_list', [...])
 5 SYSTEMPATH\CodeIgniter.php(934): App\Controllers\Home->item_list()
 6 SYSTEMPATH\CodeIgniter.php(499): CodeIgniter\CodeIgniter->runController(Object(App\Controllers\Home))
 7 SYSTEMPATH\CodeIgniter.php(368): CodeIgniter\CodeIgniter->handleRequest(null, Object(Config\Cache), false)
 8 FCPATH\index.php(67): CodeIgniter\CodeIgniter->run()
CRITICAL - 2023-02-23 07:16:28 --> Cannot use object of type mysqli as array
in APPPATH\Views\item_list.php on line 222.
 1 SYSTEMPATH\View\View.php(213): include()
 2 SYSTEMPATH\View\View.php(216): CodeIgniter\View\View->CodeIgniter\View\{closure}()
 3 SYSTEMPATH\Common.php(1177): CodeIgniter\View\View->render('item_list', [], true)
 4 APPPATH\Controllers\Home.php(79): view('item_list', [...])
 5 SYSTEMPATH\CodeIgniter.php(934): App\Controllers\Home->item_list()
 6 SYSTEMPATH\CodeIgniter.php(499): CodeIgniter\CodeIgniter->runController(Object(App\Controllers\Home))
 7 SYSTEMPATH\CodeIgniter.php(368): CodeIgniter\CodeIgniter->handleRequest(null, Object(Config\Cache), false)
 8 FCPATH\index.php(67): CodeIgniter\CodeIgniter->run()
CRITICAL - 2023-02-23 07:27:59 --> Call to undefined method App\Models\Ci_crud::getUsers
in SYSTEMPATH\Model.php on line 841.
 1 APPPATH\Controllers\Home.php(78): CodeIgniter\Model->__call('getUsers', [])
 2 SYSTEMPATH\CodeIgniter.php(934): App\Controllers\Home->item_list()
 3 SYSTEMPATH\CodeIgniter.php(499): CodeIgniter\CodeIgniter->runController(Object(App\Controllers\Home))
 4 SYSTEMPATH\CodeIgniter.php(368): CodeIgniter\CodeIgniter->handleRequest(null, Object(Config\Cache), false)
 5 FCPATH\index.php(67): CodeIgniter\CodeIgniter->run()
CRITICAL - 2023-02-23 07:28:19 --> Call to undefined method App\Models\Ci_crud::getProducts
in SYSTEMPATH\Model.php on line 841.
 1 APPPATH\Controllers\Home.php(78): CodeIgniter\Model->__call('getProducts', [])
 2 SYSTEMPATH\CodeIgniter.php(934): App\Controllers\Home->item_list()
 3 SYSTEMPATH\CodeIgniter.php(499): CodeIgniter\CodeIgniter->runController(Object(App\Controllers\Home))
 4 SYSTEMPATH\CodeIgniter.php(368): CodeIgniter\CodeIgniter->handleRequest(null, Object(Config\Cache), false)
 5 FCPATH\index.php(67): CodeIgniter\CodeIgniter->run()
CRITICAL - 2023-02-23 07:29:26 --> Argument 1 passed to CodeIgniter\Database\BaseBuilder::get() must be of the type int or null, string given, called in G:\wamp\www\CI_CRUD\system\Model.php on line 839
in SYSTEMPATH\Database\BaseBuilder.php on line 1594.
 1 SYSTEMPATH\Model.php(839): CodeIgniter\Database\BaseBuilder->get('products')
 2 APPPATH\Controllers\Home.php(75): CodeIgniter\Model->__call('get', [...])
 3 SYSTEMPATH\CodeIgniter.php(934): App\Controllers\Home->item_list()
 4 SYSTEMPATH\CodeIgniter.php(499): CodeIgniter\CodeIgniter->runController(Object(App\Controllers\Home))
 5 SYSTEMPATH\CodeIgniter.php(368): CodeIgniter\CodeIgniter->handleRequest(null, Object(Config\Cache), false)
 6 FCPATH\index.php(67): CodeIgniter\CodeIgniter->run()
CRITICAL - 2023-02-23 07:29:33 --> Argument 1 passed to CodeIgniter\Database\BaseBuilder::get() must be of the type int or null, string given, called in G:\wamp\www\CI_CRUD\system\Model.php on line 839
in SYSTEMPATH\Database\BaseBuilder.php on line 1594.
 1 SYSTEMPATH\Model.php(839): CodeIgniter\Database\BaseBuilder->get('*')
 2 APPPATH\Controllers\Home.php(75): CodeIgniter\Model->__call('get', [...])
 3 SYSTEMPATH\CodeIgniter.php(934): App\Controllers\Home->item_list()
 4 SYSTEMPATH\CodeIgniter.php(499): CodeIgniter\CodeIgniter->runController(Object(App\Controllers\Home))
 5 SYSTEMPATH\CodeIgniter.php(368): CodeIgniter\CodeIgniter->handleRequest(null, Object(Config\Cache), false)
 6 FCPATH\index.php(67): CodeIgniter\CodeIgniter->run()
CRITICAL - 2023-02-23 07:31:32 --> Call to undefined method App\Models\Ci_crud::getUsers
in SYSTEMPATH\Model.php on line 841.
 1 APPPATH\Controllers\Home.php(79): CodeIgniter\Model->__call('getUsers', [])
 2 SYSTEMPATH\CodeIgniter.php(934): App\Controllers\Home->item_list()
 3 SYSTEMPATH\CodeIgniter.php(499): CodeIgniter\CodeIgniter->runController(Object(App\Controllers\Home))
 4 SYSTEMPATH\CodeIgniter.php(368): CodeIgniter\CodeIgniter->handleRequest(null, Object(Config\Cache), false)
 5 FCPATH\index.php(67): CodeIgniter\CodeIgniter->run()
CRITICAL - 2023-02-23 08:20:34 --> Call to undefined method CodeIgniter\Database\MySQLi\Result::where()
in APPPATH\Controllers\Home.php on line 74.
 1 SYSTEMPATH\CodeIgniter.php(934): App\Controllers\Home->item_list()
 2 SYSTEMPATH\CodeIgniter.php(499): CodeIgniter\CodeIgniter->runController(Object(App\Controllers\Home))
 3 SYSTEMPATH\CodeIgniter.php(368): CodeIgniter\CodeIgniter->handleRequest(null, Object(Config\Cache), false)
 4 FCPATH\index.php(67): CodeIgniter\CodeIgniter->run()
CRITICAL - 2023-02-23 10:11:35 --> Call to undefined method App\Models\Ci_crud::login_valid
in SYSTEMPATH\Model.php on line 841.
 1 APPPATH\Controllers\Home.php(45): CodeIgniter\Model->__call('login_valid', [...])
 2 SYSTEMPATH\CodeIgniter.php(934): App\Controllers\Home->login()
 3 SYSTEMPATH\CodeIgniter.php(499): CodeIgniter\CodeIgniter->runController(Object(App\Controllers\Home))
 4 SYSTEMPATH\CodeIgniter.php(368): CodeIgniter\CodeIgniter->handleRequest(null, Object(Config\Cache), false)
 5 FCPATH\index.php(67): CodeIgniter\CodeIgniter->run()
